[1216/135624.354:ERROR:process_reader_win.cc(123)] NtOpenThread: {Access Denied} A process has requested access to an object, but has not been granted those access rights. (0xc0000022)
[1216/135624.356:ERROR:exception_snapshot_win.cc(98)] thread ID 14344 not found in process
[1216/142154.336:ERROR:process_reader_win.cc(123)] NtOpenThread: {Access Denied} A process has requested access to an object, but has not been granted those access rights. (0xc0000022)
[1216/142154.340:ERROR:exception_snapshot_win.cc(98)] thread ID 8724 not found in process
[1216/161551.356:ERROR:process_reader_win.cc(123)] NtOpenThread: {Access Denied} A process has requested access to an object, but has not been granted those access rights. (0xc0000022)
[1216/161551.358:ERROR:exception_snapshot_win.cc(98)] thread ID 13364 not found in process
[1217/151613.827:ERROR:process_reader_win.cc(123)] NtOpenThread: {Access Denied} A process has requested access to an object, but has not been granted those access rights. (0xc0000022)
[1217/151613.831:ERROR:exception_snapshot_win.cc(98)] thread ID 16996 not found in process
[1217/170352.842:ERROR:process_reader_win.cc(123)] NtOpenThread: {Access Denied} A process has requested access to an object, but has not been granted those access rights. (0xc0000022)
[1217/170352.846:ERROR:exception_snapshot_win.cc(98)] thread ID 12268 not found in process
[1217/171138.693:ERROR:process_reader_win.cc(123)] NtOpenThread: {Access Denied} A process has requested access to an object, but has not been granted those access rights. (0xc0000022)
[1217/171138.693:ERROR:exception_snapshot_win.cc(98)] thread ID 19908 not found in process
[1217/171209.088:ERROR:process_reader_win.cc(123)] NtOpenThread: {Access Denied} A process has requested access to an object, but has not been granted those access rights. (0xc0000022)
[1217/171209.088:ERROR:exception_snapshot_win.cc(98)] thread ID 13084 not found in process
[1218/165834.731:ERROR:process_reader_win.cc(123)] NtOpenThread: {Access Denied} A process has requested access to an object, but has not been granted those access rights. (0xc0000022)
[1218/165834.734:ERROR:exception_snapshot_win.cc(98)] thread ID 13444 not found in process
[1218/170446.053:ERROR:process_reader_win.cc(123)] NtOpenThread: {Access Denied} A process has requested access to an object, but has not been granted those access rights. (0xc0000022)
[1218/170446.055:ERROR:exception_snapshot_win.cc(98)] thread ID 6684 not found in process
[1218/171630.946:ERROR:process_reader_win.cc(123)] NtOpenThread: {Access Denied} A process has requested access to an object, but has not been granted those access rights. (0xc0000022)
[1218/171630.947:ERROR:exception_snapshot_win.cc(98)] thread ID 4828 not found in process
[1218/172012.378:ERROR:process_reader_win.cc(123)] NtOpenThread: {Access Denied} A process has requested access to an object, but has not been granted those access rights. (0xc0000022)
[1218/172012.379:ERROR:exception_snapshot_win.cc(98)] thread ID 14296 not found in process
[1218/172319.905:ERROR:process_reader_win.cc(123)] NtOpenThread: {Access Denied} A process has requested access to an object, but has not been granted those access rights. (0xc0000022)
[1218/172319.907:ERROR:exception_snapshot_win.cc(98)] thread ID 1528 not found in process
[1218/172950.470:ERROR:process_reader_win.cc(123)] NtOpenThread: {Access Denied} A process has requested access to an object, but has not been granted those access rights. (0xc0000022)
[1218/172950.471:ERROR:exception_snapshot_win.cc(98)] thread ID 16524 not found in process
[1218/173005.833:ERROR:process_reader_win.cc(123)] NtOpenThread: {Access Denied} A process has requested access to an object, but has not been granted those access rights. (0xc0000022)
[1218/173005.834:ERROR:exception_snapshot_win.cc(98)] thread ID 10664 not found in process
[1218/173058.621:ERROR:process_reader_win.cc(123)] NtOpenThread: {Access Denied} A process has requested access to an object, but has not been granted those access rights. (0xc0000022)
[1218/173058.622:ERROR:exception_snapshot_win.cc(98)] thread ID 10872 not found in process
[1218/173136.019:ERROR:process_reader_win.cc(123)] NtOpenThread: {Access Denied} A process has requested access to an object, but has not been granted those access rights. (0xc0000022)
[1218/173136.020:ERROR:exception_snapshot_win.cc(98)] thread ID 13276 not found in process
[1218/173254.641:ERROR:process_reader_win.cc(123)] NtOpenThread: {Access Denied} A process has requested access to an object, but has not been granted those access rights. (0xc0000022)
[1218/173254.642:ERROR:exception_snapshot_win.cc(98)] thread ID 5476 not found in process
[1218/173353.712:ERROR:process_reader_win.cc(123)] NtOpenThread: {Access Denied} A process has requested access to an object, but has not been granted those access rights. (0xc0000022)
[1218/173353.715:ERROR:exception_snapshot_win.cc(98)] thread ID 4044 not found in process
[1218/173843.746:ERROR:process_reader_win.cc(123)] NtOpenThread: {Access Denied} A process has requested access to an object, but has not been granted those access rights. (0xc0000022)
[1218/173843.747:ERROR:exception_snapshot_win.cc(98)] thread ID 464 not found in process
[1218/173910.998:ERROR:process_reader_win.cc(123)] NtOpenThread: {Access Denied} A process has requested access to an object, but has not been granted those access rights. (0xc0000022)
[1218/173911.000:ERROR:exception_snapshot_win.cc(98)] thread ID 16820 not found in process
[1218/174012.862:ERROR:process_reader_win.cc(123)] NtOpenThread: {Access Denied} A process has requested access to an object, but has not been granted those access rights. (0xc0000022)
[1218/174012.864:ERROR:exception_snapshot_win.cc(98)] thread ID 12884 not found in process
[1218/174551.916:ERROR:process_reader_win.cc(123)] NtOpenThread: {Access Denied} A process has requested access to an object, but has not been granted those access rights. (0xc0000022)
[1218/174551.916:ERROR:process_reader_win.cc(123)] NtOpenThread: {Access Denied} A process has requested access to an object, but has not been granted those access rights. (0xc0000022)
[1218/174551.917:ERROR:exception_snapshot_win.cc(98)] thread ID 8780 not found in process
[1218/174551.917:ERROR:exception_snapshot_win.cc(98)] thread ID 268 not found in process
[1218/174551.921:ERROR:process_reader_win.cc(123)] NtOpenThread: {Access Denied} A process has requested access to an object, but has not been granted those access rights. (0xc0000022)
[1218/174551.922:ERROR:exception_snapshot_win.cc(98)] thread ID 17148 not found in process
[1218/175107.114:ERROR:process_reader_win.cc(123)] NtOpenThread: {Access Denied} A process has requested access to an object, but has not been granted those access rights. (0xc0000022)
[1218/175107.115:ERROR:exception_snapshot_win.cc(98)] thread ID 15376 not found in process
[1218/182012.422:ERROR:process_reader_win.cc(123)] NtOpenThread: {Access Denied} A process has requested access to an object, but has not been granted those access rights. (0xc0000022)
[1218/182012.422:ERROR:exception_snapshot_win.cc(98)] thread ID 11872 not found in process
[1218/182424.191:ERROR:process_reader_win.cc(123)] NtOpenThread: {Access Denied} A process has requested access to an object, but has not been granted those access rights. (0xc0000022)
[1218/182424.191:ERROR:exception_snapshot_win.cc(98)] thread ID 10488 not found in process
[1218/182855.868:ERROR:process_reader_win.cc(123)] NtOpenThread: {Access Denied} A process has requested access to an object, but has not been granted those access rights. (0xc0000022)
[1218/182855.872:ERROR:exception_snapshot_win.cc(98)] thread ID 14016 not found in process
[1219/122305.728:ERROR:process_reader_win.cc(123)] NtOpenThread: {Access Denied} A process has requested access to an object, but has not been granted those access rights. (0xc0000022)
[1219/122305.730:ERROR:exception_snapshot_win.cc(98)] thread ID 15560 not found in process
[1219/125554.502:ERROR:process_reader_win.cc(123)] NtOpenThread: {Access Denied} A process has requested access to an object, but has not been granted those access rights. (0xc0000022)
[1219/125554.503:ERROR:exception_snapshot_win.cc(98)] thread ID 10828 not found in process
[1219/140540.381:ERROR:process_reader_win.cc(123)] NtOpenThread: {Access Denied} A process has requested access to an object, but has not been granted those access rights. (0xc0000022)
[1219/140540.385:ERROR:exception_snapshot_win.cc(98)] thread ID 10312 not found in process
[1219/142801.415:ERROR:process_reader_win.cc(123)] NtOpenThread: {Access Denied} A process has requested access to an object, but has not been granted those access rights. (0xc0000022)
[1219/142801.419:ERROR:exception_snapshot_win.cc(98)] thread ID 1660 not found in process[1223/183300.453:ERROR:process_reader_win.cc(123)] NtOpenThread: {Access Denied} A process has requested access to an object, but has not been granted those access rights. (0xc0000022)
[1223/183300.461:ERROR:exception_snapshot_win.cc(98)] thread ID 5396 not found in process
[1223/191653.140:ERROR:process_reader_win.cc(123)] NtOpenThread: {Access Denied} A process has requested access to an object, but has not been granted those access rights. (0xc0000022)
[1223/191653.141:ERROR:exception_snapshot_win.cc(98)] thread ID 8680 not found in process
[1223/192851.185:ERROR:process_reader_win.cc(123)] NtOpenThread: {Access Denied} A process has requested access to an object, but has not been granted those access rights. (0xc0000022)
[1223/192851.186:ERROR:exception_snapshot_win.cc(98)] thread ID 6536 not found in process
[1223/193047.112:ERROR:process_reader_win.cc(123)] NtOpenThread: {Access Denied} A process has requested access to an object, but has not been granted those access rights. (0xc0000022)
[1223/193047.114:ERROR:exception_snapshot_win.cc(98)] thread ID 13936 not found in process
[1223/193644.823:ERROR:process_reader_win.cc(123)] NtOpenThread: {Access Denied} A process has requested access to an object, but has not been granted those access rights. (0xc0000022)
[1223/193644.825:ERROR:exception_snapshot_win.cc(98)] thread ID 13784 not found in process
[1223/193733.795:ERROR:process_reader_win.cc(123)] NtOpenThread: {Access Denied} A process has requested access to an object, but has not been granted those access rights. (0xc0000022)
[1223/193733.796:ERROR:exception_snapshot_win.cc(98)] thread ID 13000 not found in process
[1223/194304.265:ERROR:process_reader_win.cc(123)] NtOpenThread: {Access Denied} A process has requested access to an object, but has not been granted those access rights. (0xc0000022)
[1223/194304.266:ERROR:exception_snapshot_win.cc(98)] thread ID 4292 not found in process
[1224/141412.817:ERROR:process_reader_win.cc(123)] NtOpenThread: {Access Denied} A process has requested access to an object, but has not been granted those access rights. (0xc0000022)
[1224/141412.819:ERROR:exception_snapshot_win.cc(98)] thread ID 14080 not found in process
[1224/142721.847:ERROR:process_reader_win.cc(123)] NtOpenThread: {Access Denied} A process has requested access to an object, but has not been granted those access rights. (0xc0000022)
[1224/142721.849:ERROR:exception_snapshot_win.cc(98)] thread ID 6208 not found in process
[1224/142721.853:ERROR:process_reader_win.cc(123)] NtOpenThread: {Access Denied} A process has requested access to an object, but has not been granted those access rights. (0xc0000022)
[1224/142721.855:ERROR:exception_snapshot_win.cc(98)] thread ID 9460 not found in process
[1224/142721.860:ERROR:process_reader_win.cc(123)] NtOpenThread: {Access Denied} A process has requested access to an object, but has not been granted those access rights. (0xc0000022)
[1224/142721.861:ERROR:exception_snapshot_win.cc(98)] thread ID 5632 not found in process
[1224/165029.547:ERROR:process_reader_win.cc(123)] NtOpenThread: {Access Denied} A process has requested access to an object, but has not been granted those access rights. (0xc0000022)
[1224/165029.551:ERROR:exception_snapshot_win.cc(98)] thread ID 1296 not found in process
[1224/165135.447:ERROR:process_reader_win.cc(123)] NtOpenThread: {Access Denied} A process has requested access to an object, but has not been granted those access rights. (0xc0000022)
[1224/165135.451:ERROR:exception_snapshot_win.cc(98)] thread ID 11328 not found in process
[1224/173644.805:ERROR:process_reader_win.cc(123)] NtOpenThread: {Access Denied} A process has requested access to an object, but has not been granted those access rights. (0xc0000022)
[1224/173644.809:ERROR:exception_snapshot_win.cc(98)] thread ID 9668 not found in process
[1224/174815.550:ERROR:process_reader_win.cc(123)] NtOpenThread: {Access Denied} A process has requested access to an object, but has not been granted those access rights. (0xc0000022)
[1224/174815.550:ERROR:exception_snapshot_win.cc(98)] thread ID 5328 not found in process
[1224/181249.353:ERROR:process_reader_win.cc(123)] NtOpenThread: {Access Denied} A process has requested access to an object, but has not been granted those access rights. (0xc0000022)
[1224/181249.354:ERROR:exception_snapshot_win.cc(98)] thread ID 1624 not found in process
[1224/195704.798:ERROR:process_reader_win.cc(123)] NtOpenThread: {Access Denied} A process has requested access to an object, but has not been granted those access rights. (0xc0000022)
[1224/195704.798:ERROR:exception_snapshot_win.cc(98)] thread ID 10796 not found in process
[1224/195704.798:ERROR:process_reader_win.cc(123)] NtOpenThread: {Access Denied} A process has requested access to an object, but has not been granted those access rights. (0xc0000022)
[1224/195704.798:ERROR:exception_snapshot_win.cc(98)] thread ID 12724 not found in process
[1224/200244.526:ERROR:process_reader_win.cc(123)] NtOpenThread: {Access Denied} A process has requested access to an object, but has not been granted those access rights. (0xc0000022)
[1224/200244.530:ERROR:exception_snapshot_win.cc(98)] thread ID 8828 not found in process
[1224/200633.232:ERROR:process_reader_win.cc(123)] NtOpenThread: {Access Denied} A process has requested access to an object, but has not been granted those access rights. (0xc0000022)
[1224/200633.232:ERROR:exception_snapshot_win.cc(98)] thread ID 4072 not found in process
[1224/200917.065:ERROR:process_reader_win.cc(151)] SuspendThread: Access is denied. (0x5)
[1224/200917.069:ERROR:process_reader_win.cc(123)] NtOpenThread: {Access Denied} A process has requested access to an object, but has not been granted those access rights. (0xc0000022)
[1224/200917.069:ERROR:exception_snapshot_win.cc(98)] thread ID 6352 not found in process
[1224/200917.077:ERROR:process_reader_win.cc(151)] SuspendThread: Access is denied. (0x5)
[1224/200917.081:ERROR:process_reader_win.cc(123)] NtOpenThread: {Access Denied} A process has requested access to an object, but has not been granted those access rights. (0xc0000022)
[1224/200917.081:ERROR:exception_snapshot_win.cc(98)] thread ID 13240 not found in process
[1224/201125.740:ERROR:process_reader_win.cc(123)] NtOpenThread: {Access Denied} A process has requested access to an object, but has not been granted those access rights. (0xc0000022)
[1224/201125.740:ERROR:exception_snapshot_win.cc(98)] thread ID 13360 not found in process
[1224/201244.496:ERROR:process_reader_win.cc(123)] NtOpenThread: {Access Denied} A process has requested access to an object, but has not been granted those access rights. (0xc0000022)
[1224/201244.500:ERROR:exception_snapshot_win.cc(98)] thread ID 388 not found in process
[1224/201244.496:ERROR:process_reader_win.cc(123)] NtOpenThread: {Access Denied} A process has requested access to an object, but has not been granted those access rights. (0xc0000022)
[1224/201244.500:ERROR:exception_snapshot_win.cc(98)] thread ID 7808 not found in process
[1224/202129.906:ERROR:process_reader_win.cc(123)] NtOpenThread: {Access Denied} A process has requested access to an object, but has not been granted those access rights. (0xc0000022)
[1224/202129.908:ERROR:exception_snapshot_win.cc(98)] thread ID 5492 not found in process
[1224/202129.910:ERROR:process_reader_win.cc(123)] NtOpenThread: {Access Denied} A process has requested access to an object, but has not been granted those access rights. (0xc0000022)
[1224/202129.912:ERROR:exception_snapshot_win.cc(98)] thread ID 12356 not found in process
[1224/202217.601:ERROR:process_reader_win.cc(123)] NtOpenThread: {Access Denied} A process has requested access to an object, but has not been granted those access rights. (0xc0000022)
[1224/202217.605:ERROR:exception_snapshot_win.cc(98)] thread ID 10988 not found in process
[1225/133925.484:ERROR:process_reader_win.cc(151)] SuspendThread: Access is denied. (0x5)
[1225/133925.488:ERROR:process_reader_win.cc(151)] SuspendThread: Access is denied. (0x5)
[1225/133925.488:ERROR:process_reader_win.cc(123)] NtOpenThread: {Access Denied} A process has requested access to an object, but has not been granted those access rights. (0xc0000022)
[1225/133925.488:ERROR:exception_snapshot_win.cc(98)] thread ID 18744 not found in process
[1225/133925.516:ERROR:process_reader_win.cc(123)] NtOpenThread: {Access Denied} A process has requested access to an object, but has not been granted those access rights. (0xc0000022)
[1225/133925.521:ERROR:exception_snapshot_win.cc(98)] thread ID 17436 not found in process
[1225/133925.524:ERROR:process_reader_win.cc(123)] NtOpenThread: {Access Denied} A process has requested access to an object, but has not been granted those access rights. (0xc0000022)
[1225/133925.524:ERROR:exception_snapshot_win.cc(98)] thread ID 18764 not found in process
[1225/133925.528:ERROR:process_reader_win.cc(123)] NtOpenThread: {Access Denied} A process has requested access to an object, but has not been granted those access rights. (0xc0000022)
[1225/133925.530:ERROR:exception_snapshot_win.cc(98)] thread ID 18732 not found in process
[1225/134008.251:ERROR:process_reader_win.cc(123)] NtOpenThread: {Access Denied} A process has requested access to an object, but has not been granted those access rights. (0xc0000022)
[1225/134008.255:ERROR:exception_snapshot_win.cc(98)] thread ID 13788 not found in process
[1225/134736.456:ERROR:process_reader_win.cc(123)] NtOpenThread: {Access Denied} A process has requested access to an object, but has not been granted those access rights. (0xc0000022)
[1225/134736.460:ERROR:exception_snapshot_win.cc(98)] thread ID 17340 not found in process
[1225/164729.035:ERROR:process_reader_win.cc(123)] NtOpenThread: {Access Denied} A process has requested access to an object, but has not been granted those access rights. (0xc0000022)
[1225/164729.043:ERROR:exception_snapshot_win.cc(98)] thread ID 14012 not found in process
[1225/165053.118:ERROR:process_reader_win.cc(123)] NtOpenThread: {Access Denied} A process has requested access to an object, but has not been granted those access rights. (0xc0000022)
[1225/165053.122:ERROR:exception_snapshot_win.cc(98)] thread ID 6320 not found in process
[1225/182036.655:ERROR:process_reader_win.cc(123)] NtOpenThread: {Access Denied} A process has requested access to an object, but has not been granted those access rights. (0xc0000022)
[1225/182036.656:ERROR:exception_snapshot_win.cc(98)] thread ID 17508 not found in process
[1226/191405.251:ERROR:process_reader_win.cc(123)] NtOpenThread: {Access Denied} A process has requested access to an object, but has not been granted those access rights. (0xc0000022)
[1226/191405.254:ERROR:exception_snapshot_win.cc(98)] thread ID 1572 not found in process
[0101/134629.904:ERROR:process_reader_win.cc(151)] SuspendThread: Access is denied. (0x5)
[0101/134629.908:ERROR:process_reader_win.cc(151)] SuspendThread: Access is denied. (0x5)
[0101/134629.904:ERROR:process_reader_win.cc(151)] SuspendThread: Access is denied. (0x5)
[0101/134629.908:ERROR:process_reader_win.cc(151)] SuspendThread: Access is denied. (0x5)
[0101/134629.908:ERROR:process_reader_win.cc(151)] SuspendThread: Access is denied. (0x5)
[0101/134629.908:ERROR:process_reader_win.cc(123)] NtOpenThread: {Access Denied} A process has requested access to an object, but has not been granted those access rights. (0xc0000022)
[0101/134629.908:ERROR:process_reader_win.cc(123)] NtOpenThread: {Access Denied} A process has requested access to an object, but has not been granted those access rights. (0xc0000022)
[0101/134629.912:ERROR:exception_snapshot_win.cc(98)] thread ID 13908 not found in process
[0101/134629.912:ERROR:exception_snapshot_win.cc(98)] thread ID 13588 not found in process
[0101/134758.322:ERROR:process_reader_win.cc(123)] NtOpenThread: {Access Denied} A process has requested access to an object, but has not been granted those access rights. (0xc0000022)
[0101/134758.326:ERROR:exception_snapshot_win.cc(98)] thread ID 13952 not found in process
[0101/135036.070:ERROR:process_reader_win.cc(151)] SuspendThread: Access is denied. (0x5)
[0101/135036.070:ERROR:process_reader_win.cc(151)] SuspendThread: Access is denied. (0x5)
[0101/135036.070:ERROR:process_reader_win.cc(151)] SuspendThread: Access is denied. (0x5)
[0101/135036.070:ERROR:process_reader_win.cc(151)] SuspendThread: Access is denied. (0x5)
[0101/135036.070:ERROR:process_reader_win.cc(151)] SuspendThread: Access is denied. (0x5)
[0101/135036.070:ERROR:process_reader_win.cc(151)] SuspendThread: Access is denied. (0x5)
[0101/135036.070:ERROR:process_reader_win.cc(151)] SuspendThread: Access is denied. (0x5)
[0101/135036.070:ERROR:process_reader_win.cc(151)] SuspendThread: Access is denied. (0x5)
[0101/135036.070:ERROR:process_reader_win.cc(123)] NtOpenThread: {Access Denied} A process has requested access to an object, but has not been granted those access rights. (0xc0000022)
[0101/135036.074:ERROR:exception_snapshot_win.cc(98)] thread ID 13088 not found in process
[0101/135115.591:ERROR:process_reader_win.cc(123)] NtOpenThread: {Access Denied} A process has requested access to an object, but has not been granted those access rights. (0xc0000022)
[0101/135115.595:ERROR:exception_snapshot_win.cc(98)] thread ID 12204 not found in process
[0101/202917.438:ERROR:process_reader_win.cc(123)] NtOpenThread: {Access Denied} A process has requested access to an object, but has not been granted those access rights. (0xc0000022)
[0101/202917.442:ERROR:exception_snapshot_win.cc(98)] thread ID 15232 not found in process
[0101/204947.746:ERROR:process_reader_win.cc(123)] NtOpenThread: {Access Denied} A process has requested access to an object, but has not been granted those access rights. (0xc0000022)
[0101/204947.750:ERROR:exception_snapshot_win.cc(98)] thread ID 9560 not found in process
[0101/211821.410:ERROR:process_reader_win.cc(182)] ResumeThread: The parameter is incorrect. (0x57)
[0101/211821.414:ERROR:process_reader_win.cc(151)] SuspendThread: Access is denied. (0x5)
[0101/211821.414:ERROR:process_reader_win.cc(151)] SuspendThread: Access is denied. (0x5)
[0101/211821.414:ERROR:process_reader_win.cc(151)] SuspendThread: Access is denied. (0x5)
[0101/211821.414:ERROR:process_reader_win.cc(151)] SuspendThread: Access is denied. (0x5)
[0101/211821.414:ERROR:process_reader_win.cc(151)] SuspendThread: Access is denied. (0x5)
[0101/211821.414:ERROR:process_reader_win.cc(151)] SuspendThread: Access is denied. (0x5)
[0101/211821.414:ERROR:process_reader_win.cc(151)] SuspendThread: Access is denied. (0x5)
[0101/211821.414:ERROR:process_reader_win.cc(151)] SuspendThread: Access is denied. (0x5)
[0101/211821.414:ERROR:process_reader_win.cc(151)] SuspendThread: Access is denied. (0x5)
[0101/211821.414:ERROR:process_reader_win.cc(151)] SuspendThread: Access is denied. (0x5)
[0101/211821.414:ERROR:process_reader_win.cc(151)] SuspendThread: Access is denied. (0x5)
[0101/211821.414:ERROR:process_reader_win.cc(151)] SuspendThread: Access is denied. (0x5)
[0101/211821.414:ERROR:process_reader_win.cc(151)] SuspendThread: Access is denied. (0x5)
[0101/211821.414:ERROR:process_reader_win.cc(151)] SuspendThread: Access is denied. (0x5)
[0101/211821.414:ERROR:process_reader_win.cc(151)] SuspendThread: Access is denied. (0x5)
[0101/211821.414:ERROR:process_reader_win.cc(151)] SuspendThread: Access is denied. (0x5)
[0101/211821.414:ERROR:process_reader_win.cc(151)] SuspendThread: Access is denied. (0x5)
[0101/211821.414:ERROR:process_reader_win.cc(151)] SuspendThread: Access is denied. (0x5)
[0101/211821.414:ERROR:process_reader_win.cc(151)] SuspendThread: Access is denied. (0x5)
[0101/211821.414:ERROR:process_reader_win.cc(151)] SuspendThread: Access is denied. (0x5)
[0101/211821.414:ERROR:exception_snapshot_win.cc(98)] thread ID 9696 not found in process
[0101/212053.433:ERROR:process_reader_win.cc(123)] NtOpenThread: {Access Denied} A process has requested access to an object, but has not been granted those access rights. (0xc0000022)
[0101/212053.437:ERROR:exception_snapshot_win.cc(98)] thread ID 14252 not found in process
[0101/212053.441:ERROR:process_reader_win.cc(123)] NtOpenThread: {Access Denied} A process has requested access to an object, but has not been granted those access rights. (0xc0000022)
[0101/212053.449:ERROR:exception_snapshot_win.cc(98)] thread ID 13368 not found in process
[0101/212701.195:ERROR:process_reader_win.cc(123)] NtOpenThread: {Access Denied} A process has requested access to an object, but has not been granted those access rights. (0xc0000022)
[0101/212701.195:ERROR:exception_snapshot_win.cc(98)] thread ID 4832 not found in process
[0101/213710.604:ERROR:process_reader_win.cc(123)] NtOpenThread: {Access Denied} A process has requested access to an object, but has not been granted those access rights. (0xc0000022)
[0101/213710.608:ERROR:exception_snapshot_win.cc(98)] thread ID 15872 not found in process
[0101/214953.891:ERROR:process_reader_win.cc(123)] NtOpenThread: {Access Denied} A process has requested access to an object, but has not been granted those access rights. (0xc0000022)
[0101/214953.893:ERROR:exception_snapshot_win.cc(98)] thread ID 10500 not found in process
[0101/220000.675:ERROR:process_memory_win.cc(73)] ReadMemory at 0x7ff6824b0000 of 64 bytes failed: Only part of a ReadProcessMemory or WriteProcessMemory request was completed. (0x12B)
[0101/220000.676:WARNING:pe_image_reader.cc(340)] could not read dos header from C:\Program Files (x86)\Google\Chrome\Application\chrome.exe
[0101/220000.676:ERROR:process_memory_win.cc(73)] ReadMemory at 0x7ffbad620000 of 64 bytes failed: Only part of a ReadProcessMemory or WriteProcessMemory request was completed. (0x12B)
[0101/220000.676:WARNING:pe_image_reader.cc(340)] could not read dos header from C:\WINDOWS\SYSTEM32\ntdll.dll
[0101/220000.676:ERROR:process_memory_win.cc(73)] ReadMemory at 0x7ffbabeb0000 of 64 bytes failed: Only part of a ReadProcessMemory or WriteProcessMemory request was completed. (0x12B)
[0101/220000.676:WARNING:pe_image_reader.cc(340)] could not read dos header from C:\WINDOWS\System32\KERNEL32.DLL
[0101/220000.676:ERROR:process_memory_win.cc(73)] ReadMemory at 0x7ffbaa5e0000 of 64 bytes failed: Only part of a ReadProcessMemory or WriteProcessMemory request was completed. (0x12B)
[0101/220000.676:WARNING:pe_image_reader.cc(340)] could not read dos header from C:\WINDOWS\System32\KERNELBASE.dll
[0101/220000.676:ERROR:process_memory_win.cc(73)] ReadMemory at 0x7ffb8f6b0000 of 64 bytes failed: Only part of a ReadProcessMemory or WriteProcessMemory request was completed. (0x12B)
[0101/220000.676:WARNING:pe_image_reader.cc(340)] could not read dos header from C:\Program Files (x86)\Google\Chrome\Application\79.0.3945.88\chrome_elf.dll
[0101/220000.676:ERROR:process_memory_win.cc(73)] ReadMemory at 0x7ffba3720000 of 64 bytes failed: Only part of a ReadProcessMemory or WriteProcessMemory request was completed. (0x12B)
[0101/220000.676:WARNING:pe_image_reader.cc(340)] could not read dos header from C:\WINDOWS\SYSTEM32\VERSION.dll
[0101/220000.676:ERROR:process_memory_win.cc(73)] ReadMemory at 0x7ffbac8f0000 of 64 bytes failed: Only part of a ReadProcessMemory or WriteProcessMemory request was completed. (0x12B)
[0101/220000.677:WARNING:pe_image_reader.cc(340)] could not read dos header from C:\WINDOWS\System32\msvcrt.dll
[0101/220000.677:ERROR:process_memory_win.cc(73)] ReadMemory at 0x7ffbaae80000 of 64 bytes failed: Only part of a ReadProcessMemory or WriteProcessMemory request was completed. (0x12B)
[0101/220000.677:WARNING:pe_image_reader.cc(340)] could not read dos header from C:\WINDOWS\System32\bcryptPrimitives.dll
[0101/220000.677:ERROR:process_memory_win.cc(73)] ReadMemory at 0x7ffbabfe0000 of 64 bytes failed: Only part of a ReadProcessMemory or WriteProcessMemory request was completed. (0x12B)
[0101/220000.677:WARNING:pe_image_reader.cc(340)] could not read dos header from C:\WINDOWS\System32\ADVAPI32.dll
[0101/220000.677:ERROR:process_memory_win.cc(73)] ReadMemory at 0x7ffbac810000 of 64 bytes failed: Only part of a ReadProcessMemory or WriteProcessMemory request was completed. (0x12B)
[0101/220000.677:WARNING:pe_image_reader.cc(340)] could not read dos header from C:\WINDOWS\System32\sechost.dll
[0101/220000.677:ERROR:process_memory_win.cc(73)] ReadMemory at 0x7ffbabbb0000 of 64 bytes failed: Only part of a ReadProcessMemory or WriteProcessMemory request was completed. (0x12B)
[0101/220000.677:WARNING:pe_image_reader.cc(340)] could not read dos header from C:\WINDOWS\System32\RPCRT4.dll
[0101/220000.677:ERROR:process_memory_win.cc(73)] ReadMemory at 0x7ffb509a0000 of 64 bytes failed: Only part of a ReadProcessMemory or WriteProcessMemory request was completed. (0x12B)
[0101/220000.677:WARNING:pe_image_reader.cc(340)] could not read dos header from C:\Program Files (x86)\Google\Chrome\Application\79.0.3945.88\chrome_child.dll
[0101/220000.677:ERROR:process_memory_win.cc(73)] ReadMemory at 0x7ffbad020000 of 64 bytes failed: Only part of a ReadProcessMemory or WriteProcessMemory request was completed. (0x12B)
[0101/220000.677:WARNING:pe_image_reader.cc(340)] could not read dos header from C:\WINDOWS\System32\OLEAUT32.dll
[0101/220000.677:ERROR:process_memory_win.cc(73)] ReadMemory at 0x7ffbaac40000 of 64 bytes failed: Only part of a ReadProcessMemory or WriteProcessMemory request was completed. (0x12B)
[0101/220000.677:WARNING:pe_image_reader.cc(340)] could not read dos header from C:\WINDOWS\System32\msvcp_win.dll
[0101/220000.677:ERROR:process_memory_win.cc(73)] ReadMemory at 0x7ffbaaa90000 of 64 bytes failed: Only part of a ReadProcessMemory or WriteProcessMemory request was completed. (0x12B)
[0101/220000.677:WARNING:pe_image_reader.cc(340)] could not read dos header from C:\WINDOWS\System32\ucrtbase.dll
[0101/220000.677:ERROR:process_memory_win.cc(73)] ReadMemory at 0x7ffbac990000 of 64 bytes failed: Only part of a ReadProcessMemory or WriteProcessMemory request was completed. (0x12B)
[0101/220000.677:WARNING:pe_image_reader.cc(340)] could not read dos header from C:\WINDOWS\System32\combase.dll
[0101/220000.677:ERROR:process_memory_win.cc(73)] ReadMemory at 0x1a790b00000 of 64 bytes failed: Only part of a ReadProcessMemory or WriteProcessMemory request was completed. (0x12B)
[0101/220000.677:WARNING:pe_image_reader.cc(340)] could not read dos header from C:\WINDOWS\System32\WS2_32.dll
[0101/220000.677:ERROR:process_memory_win.cc(73)] ReadMemory at 0x7ffbaaa00000 of 64 bytes failed: Only part of a ReadProcessMemory or WriteProcessMemory request was completed. (0x12B)
[0101/220000.677:WARNING:pe_image_reader.cc(340)] could not read dos header from C:\WINDOWS\System32\WINTRUST.dll
[0101/220000.677:ERROR:process_memory_win.cc(73)] ReadMemory at 0x7ffbaa520000 of 64 bytes failed: Only part of a ReadProcessMemory or WriteProcessMemory request was completed. (0x12B)
[0101/220000.678:WARNING:pe_image_reader.cc(340)] could not read dos header from C:\WINDOWS\System32\MSASN1.dll
[0101/220000.678:ERROR:process_memory_win.cc(73)] ReadMemory at 0x7ffbaa8b0000 of 64 bytes failed: Only part of a ReadProcessMemory or WriteProcessMemory request was completed. (0x12B)
[0101/220000.678:WARNING:pe_image_reader.cc(340)] could not read dos header from C:\WINDOWS\System32\CRYPT32.dll
[0101/220000.678:ERROR:process_memory_win.cc(73)] ReadMemory at 0x7ffba9a10000 of 64 bytes failed: Only part of a ReadProcessMemory or WriteProcessMemory request was completed. (0x12B)
[0101/220000.678:WARNING:pe_image_reader.cc(340)] could not read dos header from C:\WINDOWS\SYSTEM32\IPHLPAPI.DLL
[0101/220000.678:ERROR:process_memory_win.cc(73)] ReadMemory at 0x7ffb9c700000 of 64 bytes failed: Only part of a ReadProcessMemory or WriteProcessMemory request was completed. (0x12B)
[0101/220000.678:WARNING:pe_image_reader.cc(340)] could not read dos header from C:\WINDOWS\SYSTEM32\WINMM.dll
[0101/220000.678:ERROR:process_memory_win.cc(73)] ReadMemory at 0x7ffbaa410000 of 64 bytes failed: Only part of a ReadProcessMemory or WriteProcessMemory request was completed. (0x12B)
[0101/220000.678:WARNING:pe_image_reader.cc(340)] could not read dos header from C:\WINDOWS\SYSTEM32\USERENV.dll
[0101/220000.678:ERROR:process_memory_win.cc(73)] ReadMemory at 0x7ffbaa540000 of 64 bytes failed: Only part of a ReadProcessMemory or WriteProcessMemory request was completed. (0x12B)
[0101/220000.678:WARNING:pe_image_reader.cc(340)] could not read dos header from C:\WINDOWS\System32\profapi.dll
[0101/220000.678:ERROR:process_memory_win.cc(73)] ReadMemory at 0x7ffb946e0000 of 64 bytes failed: Only part of a ReadProcessMemory or WriteProcessMemory request was completed. (0x12B)
[0101/220000.678:WARNING:pe_image_reader.cc(340)] could not read dos header from C:\WINDOWS\SYSTEM32\DWrite.dll
[0101/220000.678:ERROR:process_memory_win.cc(73)] ReadMemory at 0x7ffb8ff30000 of 64 bytes failed: Only part of a ReadProcessMemory or WriteProcessMemory request was completed. (0x12B)
[0101/220000.678:WARNING:pe_image_reader.cc(340)] could not read dos header from C:\WINDOWS\SYSTEM32\WINSPOOL.DRV
[0101/220000.678:ERROR:process_memory_win.cc(73)] ReadMemory at 0x7ffbaa500000 of 64 bytes failed: Only part of a ReadProcessMemory or WriteProcessMemory request was completed. (0x12B)
[0101/220000.678:WARNING:pe_image_reader.cc(340)] could not read dos header from C:\WINDOWS\System32\kernel.appcore.dll
[0101/220000.678:ERROR:process_memory_win.cc(73)] ReadMemory at 0x7ffbaaa60000 of 64 bytes failed: Only part of a ReadProcessMemory or WriteProcessMemory request was completed. (0x12B)
[0101/220000.678:WARNING:pe_image_reader.cc(340)] could not read dos header from C:\WINDOWS\System32\bcrypt.dll
[0101/220000.678:ERROR:process_memory_win.cc(73)] ReadMemory at 0x7ffb9fc50000 of 64 bytes failed: Only part of a ReadProcessMemory or WriteProcessMemory request was completed. (0x12B)
[0101/220000.679:WARNING:pe_image_reader.cc(340)] could not read dos header from C:\WINDOWS\SYSTEM32\dbghelp.dll
[0101/220000.679:ERROR:process_memory_win.cc(73)] ReadMemory at 0x7ffba0c40000 of 64 bytes failed: Only part of a ReadProcessMemory or WriteProcessMemory request was completed. (0x12B)
[0101/220000.679:WARNING:pe_image_reader.cc(340)] could not read dos header from C:\WINDOWS\SYSTEM32\Secur32.dll
[0101/220000.679:ERROR:process_memory_win.cc(73)] ReadMemory at 0x7ffba2b40000 of 64 bytes failed: Only part of a ReadProcessMemory or WriteProcessMemory request was completed. (0x12B)
[0101/220000.679:WARNING:pe_image_reader.cc(340)] could not read dos header from C:\WINDOWS\SYSTEM32\WINHTTP.dll
[0101/220000.679:ERROR:process_memory_win.cc(73)] ReadMemory at 0x7ffba44f0000 of 64 bytes failed: Only part of a ReadProcessMemory or WriteProcessMemory request was completed. (0x12B)
[0101/220000.679:WARNING:pe_image_reader.cc(340)] could not read dos header from C:\WINDOWS\SYSTEM32\dhcpcsvc.DLL
[0101/220000.679:ERROR:process_memory_win.cc(73)] ReadMemory at 0x7ffbabba0000 of 64 bytes failed: Only part of a ReadProcessMemory or WriteProcessMemory request was completed. (0x12B)
[0101/220000.679:WARNING:pe_image_reader.cc(340)] could not read dos header from C:\WINDOWS\System32\NSI.dll
[0101/220000.679:ERROR:process_memory_win.cc(73)] ReadMemory at 0x7ffb9fee0000 of 64 bytes failed: Only part of a ReadProcessMemory or WriteProcessMemory request was completed. (0x12B)
[0101/220000.679:WARNING:pe_image_reader.cc(340)] could not read dos header from C:\WINDOWS\SYSTEM32\WINMMBASE.dll
[0101/220000.679:ERROR:process_memory_win.cc(73)] ReadMemory at 0x7ffbab680000 of 64 bytes failed: Only part of a ReadProcessMemory or WriteProcessMemory request was completed. (0x12B)
[0101/220000.679:WARNING:pe_image_reader.cc(340)] could not read dos header from C:\WINDOWS\System32\cfgmgr32.dll
[0101/220000.679:ERROR:process_memory_win.cc(73)] ReadMemory at 0x7ffba6b10000 of 64 bytes failed: Only part of a ReadProcessMemory or WriteProcessMemory request was completed. (0x12B)
[0101/220000.679:WARNING:pe_image_reader.cc(340)] could not read dos header from C:\WINDOWS\SYSTEM32\PROPSYS.dll
[0101/220000.679:ERROR:process_memory_win.cc(73)] ReadMemory at 0x7ffbabaf0000 of 64 bytes failed: Only part of a ReadProcessMemory or WriteProcessMemory request was completed. (0x12B)
[0101/220000.679:WARNING:pe_image_reader.cc(340)] could not read dos header from C:\WINDOWS\System32\shcore.dll
[0101/220000.679:ERROR:process_memory_win.cc(73)] ReadMemory at 0x7ffbaa3e0000 of 64 bytes failed: Only part of a ReadProcessMemory or WriteProcessMemory request was completed. (0x12B)
[0101/220000.679:WARNING:pe_image_reader.cc(340)] could not read dos header from C:\WINDOWS\SYSTEM32\SSPICLI.DLL
[0101/220000.679:ERROR:process_memory_win.cc(73)] ReadMemory at 0x7ffbac120000 of 64 bytes failed: Only part of a ReadProcessMemory or WriteProcessMemory request was completed. (0x12B)
[0101/220000.679:WARNING:pe_image_reader.cc(340)] could not read dos header from C:\WINDOWS\System32\SHELL32.dll
[0101/220000.679:ERROR:process_memory_win.cc(73)] ReadMemory at 0x7ffbaaf00000 of 64 bytes failed: Only part of a ReadProcessMemory or WriteProcessMemory request was completed. (0x12B)
[0101/220000.679:WARNING:pe_image_reader.cc(340)] could not read dos header from C:\WINDOWS\System32\windows.storage.dll
[0101/220000.679:ERROR:process_memory_win.cc(73)] ReadMemory at 0x7ffbaa560000 of 64 bytes failed: Only part of a ReadProcessMemory or WriteProcessMemory request was completed. (0x12B)
[0101/220000.679:WARNING:pe_image_reader.cc(340)] could not read dos header from C:\WINDOWS\System32\powrprof.dll
[0101/220000.680:ERROR:process_memory_win.cc(73)] ReadMemory at 0x7ffbaa4f0000 of 64 bytes failed: Only part of a ReadProcessMemory or WriteProcessMemory request was completed. (0x12B)
[0101/220000.680:WARNING:pe_image_reader.cc(340)] could not read dos header from C:\WINDOWS\System32\UMPDC.dll
[0101/220000.680:ERROR:process_memory_win.cc(73)] ReadMemory at 0x7ffbaccd0000 of 64 bytes failed: Only part of a ReadProcessMemory or WriteProcessMemory request was completed. (0x12B)
[0101/220000.680:WARNING:pe_image_reader.cc(340)] could not read dos header from C:\WINDOWS\System32\shlwapi.dll
[0101/220000.680:ERROR:process_memory_win.cc(73)] ReadMemory at 0x7ffbac8b0000 of 64 bytes failed: Only part of a ReadProcessMemory or WriteProcessMemory request was completed. (0x12B)
[0101/220000.680:WARNING:pe_image_reader.cc(340)] could not read dos header from C:\WINDOWS\System32\GDI32.dll
[0101/220000.680:ERROR:process_memory_win.cc(73)] ReadMemory at 0x7ffbaa5b0000 of 64 bytes failed: Only part of a ReadProcessMemory or WriteProcessMemory request was completed. (0x12B)
[0101/220000.680:WARNING:pe_image_reader.cc(340)] could not read dos header from C:\WINDOWS\System32\win32u.dll
[0101/220000.680:ERROR:process_memory_win.cc(73)] ReadMemory at 0x7ffbaace0000 of 64 bytes failed: Only part of a ReadProcessMemory or WriteProcessMemory request was completed. (0x12B)
[0101/220000.680:WARNING:pe_image_reader.cc(340)] could not read dos header from C:\WINDOWS\System32\gdi32full.dll
[0101/220000.680:ERROR:process_memory_win.cc(73)] ReadMemory at 0x7ffbab700000 of 64 bytes failed: Only part of a ReadProcessMemory or WriteProcessMemory request was completed. (0x12B)
[0101/220000.680:WARNING:pe_image_reader.cc(340)] could not read dos header from C:\WINDOWS\System32\USER32.dll
[0101/220000.680:ERROR:process_memory_win.cc(73)] ReadMemory at 0x7ffbaa890000 of 64 bytes failed: Only part of a ReadProcessMemory or WriteProcessMemory request was completed. (0x12B)
[0101/220000.680:WARNING:pe_image_reader.cc(340)] could not read dos header from C:\WINDOWS\System32\cryptsp.dll
[0101/220000.680:ERROR:process_memory_win.cc(73)] ReadMemory at 0x7ffbac090000 of 64 bytes failed: Only part of a ReadProcessMemory or WriteProcessMemory request was completed. (0x12B)
[0101/220000.680:WARNING:pe_image_reader.cc(340)] could not read dos header from C:\WINDOWS\System32\IMM32.DLL
[0101/220000.680:ERROR:process_memory_win.cc(73)] ReadMemory at 0x7ffba9ed0000 of 64 bytes failed: Only part of a ReadProcessMemory or WriteProcessMemory request was completed. (0x12B)
[0101/220000.680:WARNING:pe_image_reader.cc(340)] could not read dos header from C:\WINDOWS\SYSTEM32\CRYPTBASE.DLL
[0101/220000.680:ERROR:process_memory_win.cc(73)] ReadMemory at 0x7ff6824b0000 of 64 bytes failed: Only part of a ReadProcessMemory or WriteProcessMemory request was completed. (0x12B)
[0101/220000.680:WARNING:pe_image_reader.cc(340)] could not read dos header from C:\Program Files (x86)\Google\Chrome\Application\chrome.exe
[0101/220000.680:ERROR:process_memory_win.cc(73)] ReadMemory at 0x7ffbad620000 of 64 bytes failed: Only part of a ReadProcessMemory or WriteProcessMemory request was completed. (0x12B)
[0101/220000.680:WARNING:pe_image_reader.cc(340)] could not read dos header from C:\WINDOWS\SYSTEM32\ntdll.dll
[0101/220000.681:ERROR:process_memory_win.cc(73)] ReadMemory at 0x7ffbabeb0000 of 64 bytes failed: Only part of a ReadProcessMemory or WriteProcessMemory request was completed. (0x12B)
[0101/220000.681:WARNING:pe_image_reader.cc(340)] could not read dos header from C:\WINDOWS\System32\KERNEL32.DLL
[0101/220000.681:ERROR:process_memory_win.cc(73)] ReadMemory at 0x7ffbaa5e0000 of 64 bytes failed: Only part of a ReadProcessMemory or WriteProcessMemory request was completed. (0x12B)
[0101/220000.681:WARNING:pe_image_reader.cc(340)] could not read dos header from C:\WINDOWS\System32\KERNELBASE.dll
[0101/220000.681:ERROR:process_memory_win.cc(73)] ReadMemory at 0x7ffb8f6b0000 of 64 bytes failed: Only part of a ReadProcessMemory or WriteProcessMemory request was completed. (0x12B)
[0101/220000.681:WARNING:pe_image_reader.cc(340)] could not read dos header from C:\Program Files (x86)\Google\Chrome\Application\79.0.3945.88\chrome_elf.dll
[0101/220000.681:ERROR:process_memory_win.cc(73)] ReadMemory at 0x7ffba3720000 of 64 bytes failed: Only part of a ReadProcessMemory or WriteProcessMemory request was completed. (0x12B)
[0101/220000.681:WARNING:pe_image_reader.cc(340)] could not read dos header from C:\WINDOWS\SYSTEM32\VERSION.dll
[0101/220000.681:ERROR:process_memory_win.cc(73)] ReadMemory at 0x7ffbac8f0000 of 64 bytes failed: Only part of a ReadProcessMemory or WriteProcessMemory request was completed. (0x12B)
[0101/220000.681:WARNING:pe_image_reader.cc(340)] could not read dos header from C:\WINDOWS\System32\msvcrt.dll
[0101/220000.681:ERROR:process_memory_win.cc(73)] ReadMemory at 0x7ffbaae80000 of 64 bytes failed: Only part of a ReadProcessMemory or WriteProcessMemory request was completed. (0x12B)
[0101/220000.681:WARNING:pe_image_reader.cc(340)] could not read dos header from C:\WINDOWS\System32\bcryptPrimitives.dll
[0101/220000.681:ERROR:process_memory_win.cc(73)] ReadMemory at 0x7ffbabfe0000 of 64 bytes failed: Only part of a ReadProcessMemory or WriteProcessMemory request was completed. (0x12B)
[0101/220000.681:WARNING:pe_image_reader.cc(340)] could not read dos header from C:\WINDOWS\System32\ADVAPI32.dll
[0101/220000.681:ERROR:process_memory_win.cc(73)] ReadMemory at 0x7ffbac810000 of 64 bytes failed: Only part of a ReadProcessMemory or WriteProcessMemory request was completed. (0x12B)
[0101/220000.681:WARNING:pe_image_reader.cc(340)] could not read dos header from C:\WINDOWS\System32\sechost.dll
[0101/220000.681:ERROR:process_memory_win.cc(73)] ReadMemory at 0x7ffbabbb0000 of 64 bytes failed: Only part of a ReadProcessMemory or WriteProcessMemory request was completed. (0x12B)
[0101/220000.681:WARNING:pe_image_reader.cc(340)] could not read dos header from C:\WINDOWS\System32\RPCRT4.dll
[0101/220000.681:ERROR:process_memory_win.cc(73)] ReadMemory at 0x7ffb509a0000 of 64 bytes failed: Only part of a ReadProcessMemory or WriteProcessMemory request was completed. (0x12B)
[0101/220000.681:WARNING:pe_image_reader.cc(340)] could not read dos header from C:\Program Files (x86)\Google\Chrome\Application\79.0.3945.88\chrome_child.dll
[0101/220000.681:ERROR:process_memory_win.cc(73)] ReadMemory at 0x7ffbad020000 of 64 bytes failed: Only part of a ReadProcessMemory or WriteProcessMemory request was completed. (0x12B)
[0101/220000.681:WARNING:pe_image_reader.cc(340)] could not read dos header from C:\WINDOWS\System32\OLEAUT32.dll
[0101/220000.681:ERROR:process_memory_win.cc(73)] ReadMemory at 0x7ffbaac40000 of 64 bytes failed: Only part of a ReadProcessMemory or WriteProcessMemory request was completed. (0x12B)
[0101/220000.681:WARNING:pe_image_reader.cc(340)] could not read dos header from C:\WINDOWS\System32\msvcp_win.dll
[0101/220000.682:ERROR:process_memory_win.cc(73)] ReadMemory at 0x7ffbaaa90000 of 64 bytes failed: Only part of a ReadProcessMemory or WriteProcessMemory request was completed. (0x12B)
[0101/220000.682:WARNING:pe_image_reader.cc(340)] could not read dos header from C:\WINDOWS\System32\ucrtbase.dll
[0101/220000.682:ERROR:process_memory_win.cc(73)] ReadMemory at 0x7ffbac990000 of 64 bytes failed: Only part of a ReadProcessMemory or WriteProcessMemory request was completed. (0x12B)
[0101/220000.682:WARNING:pe_image_reader.cc(340)] could not read dos header from C:\WINDOWS\System32\combase.dll
[0101/220000.682:ERROR:process_memory_win.cc(73)] ReadMemory at 0x1a790b00000 of 64 bytes failed: Only part of a ReadProcessMemory or WriteProcessMemory request was completed. (0x12B)
[0101/220000.682:WARNING:pe_image_reader.cc(340)] could not read dos header from C:\WINDOWS\System32\WS2_32.dll
[0101/220000.682:ERROR:process_memory_win.cc(73)] ReadMemory at 0x7ffbaaa00000 of 64 bytes failed: Only part of a ReadProcessMemory or WriteProcessMemory request was completed. (0x12B)
[0101/220000.682:WARNING:pe_image_reader.cc(340)] could not read dos header from C:\WINDOWS\System32\WINTRUST.dll
[0101/220000.682:ERROR:process_memory_win.cc(73)] ReadMemory at 0x7ffbaa520000 of 64 bytes failed: Only part of a ReadProcessMemory or WriteProcessMemory request was completed. (0x12B)
[0101/220000.682:WARNING:pe_image_reader.cc(340)] could not read dos header from C:\WINDOWS\System32\MSASN1.dll
[0101/220000.682:ERROR:process_memory_win.cc(73)] ReadMemory at 0x7ffbaa8b0000 of 64 bytes failed: Only part of a ReadProcessMemory or WriteProcessMemory request was completed. (0x12B)
[0101/220000.682:WARNING:pe_image_reader.cc(340)] could not read dos header from C:\WINDOWS\System32\CRYPT32.dll
[0101/220000.682:ERROR:process_memory_win.cc(73)] ReadMemory at 0x7ffba9a10000 of 64 bytes failed: Only part of a ReadProcessMemory or WriteProcessMemory request was completed. (0x12B)
[0101/220000.682:WARNING:pe_image_reader.cc(340)] could not read dos header from C:\WINDOWS\SYSTEM32\IPHLPAPI.DLL
[0101/220000.682:ERROR:process_memory_win.cc(73)] ReadMemory at 0x7ffb9c700000 of 64 bytes failed: Only part of a ReadProcessMemory or WriteProcessMemory request was completed. (0x12B)
[0101/220000.682:WARNING:pe_image_reader.cc(340)] could not read dos header from C:\WINDOWS\SYSTEM32\WINMM.dll
[0101/220000.682:ERROR:process_memory_win.cc(73)] ReadMemory at 0x7ffbaa410000 of 64 bytes failed: Only part of a ReadProcessMemory or WriteProcessMemory request was completed. (0x12B)
[0101/220000.682:WARNING:pe_image_reader.cc(340)] could not read dos header from C:\WINDOWS\SYSTEM32\USERENV.dll
[0101/220000.682:ERROR:process_memory_win.cc(73)] ReadMemory at 0x7ffbaa540000 of 64 bytes failed: Only part of a ReadProcessMemory or WriteProcessMemory request was completed. (0x12B)
[0101/220000.682:WARNING:pe_image_reader.cc(340)] could not read dos header from C:\WINDOWS\System32\profapi.dll
[0101/220000.682:ERROR:process_memory_win.cc(73)] ReadMemory at 0x7ffb946e0000 of 64 bytes failed: Only part of a ReadProcessMemory or WriteProcessMemory request was completed. (0x12B)
[0101/220000.682:WARNING:pe_image_reader.cc(340)] could not read dos header from C:\WINDOWS\SYSTEM32\DWrite.dll
[0101/220000.682:ERROR:process_memory_win.cc(73)] ReadMemory at 0x7ffb8ff30000 of 64 bytes failed: Only part of a ReadProcessMemory or WriteProcessMemory request was completed. (0x12B)
[0101/220000.682:WARNING:pe_image_reader.cc(340)] could not read dos header from C:\WINDOWS\SYSTEM32\WINSPOOL.DRV
[0101/220000.683:ERROR:process_memory_win.cc(73)] ReadMemory at 0x7ffbaa500000 of 64 bytes failed: Only part of a ReadProcessMemory or WriteProcessMemory request was completed. (0x12B)
[0101/220000.683:WARNING:pe_image_reader.cc(340)] could not read dos header from C:\WINDOWS\System32\kernel.appcore.dll
[0101/220000.683:ERROR:process_memory_win.cc(73)] ReadMemory at 0x7ffbaaa60000 of 64 bytes failed: Only part of a ReadProcessMemory or WriteProcessMemory request was completed. (0x12B)
[0101/220000.683:WARNING:pe_image_reader.cc(340)] could not read dos header from C:\WINDOWS\System32\bcrypt.dll
[0101/220000.683:ERROR:process_memory_win.cc(73)] ReadMemory at 0x7ffb9fc50000 of 64 bytes failed: Only part of a ReadProcessMemory or WriteProcessMemory request was completed. (0x12B)
[0101/220000.683:WARNING:pe_image_reader.cc(340)] could not read dos header from C:\WINDOWS\SYSTEM32\dbghelp.dll
[0101/220000.683:ERROR:process_memory_win.cc(73)] ReadMemory at 0x7ffba0c40000 of 64 bytes failed: Only part of a ReadProcessMemory or WriteProcessMemory request was completed. (0x12B)
[0101/220000.683:WARNING:pe_image_reader.cc(340)] could not read dos header from C:\WINDOWS\SYSTEM32\Secur32.dll
[0101/220000.683:ERROR:process_memory_win.cc(73)] ReadMemory at 0x7ffba2b40000 of 64 bytes failed: Only part of a ReadProcessMemory or WriteProcessMemory request was completed. (0x12B)
[0101/220000.683:WARNING:pe_image_reader.cc(340)] could not read dos header from C:\WINDOWS\SYSTEM32\WINHTTP.dll
[0101/220000.683:ERROR:process_memory_win.cc(73)] ReadMemory at 0x7ffba44f0000 of 64 bytes failed: Only part of a ReadProcessMemory or WriteProcessMemory request was completed. (0x12B)
[0101/220000.683:WARNING:pe_image_reader.cc(340)] could not read dos header from C:\WINDOWS\SYSTEM32\dhcpcsvc.DLL
[0101/220000.683:ERROR:process_memory_win.cc(73)] ReadMemory at 0x7ffbabba0000 of 64 bytes failed: Only part of a ReadProcessMemory or WriteProcessMemory request was completed. (0x12B)
[0101/220000.683:WARNING:pe_image_reader.cc(340)] could not read dos header from C:\WINDOWS\System32\NSI.dll
[0101/220000.683:ERROR:process_memory_win.cc(73)] ReadMemory at 0x7ffb9fee0000 of 64 bytes failed: Only part of a ReadProcessMemory or WriteProcessMemory request was completed. (0x12B)
[0101/220000.683:WARNING:pe_image_reader.cc(340)] could not read dos header from C:\WINDOWS\SYSTEM32\WINMMBASE.dll
[0101/220000.683:ERROR:process_memory_win.cc(73)] ReadMemory at 0x7ffbab680000 of 64 bytes failed: Only part of a ReadProcessMemory or WriteProcessMemory request was completed. (0x12B)
[0101/220000.683:WARNING:pe_image_reader.cc(340)] could not read dos header from C:\WINDOWS\System32\cfgmgr32.dll
[0101/220000.683:ERROR:process_memory_win.cc(73)] ReadMemory at 0x7ffba6b10000 of 64 bytes failed: Only part of a ReadProcessMemory or WriteProcessMemory request was completed. (0x12B)
[0101/220000.683:WARNING:pe_image_reader.cc(340)] could not read dos header from C:\WINDOWS\SYSTEM32\PROPSYS.dll
[0101/220000.683:ERROR:process_memory_win.cc(73)] ReadMemory at 0x7ffbabaf0000 of 64 bytes failed: Only part of a ReadProcessMemory or WriteProcessMemory request was completed. (0x12B)
[0101/220000.683:WARNING:pe_image_reader.cc(340)] could not read dos header from C:\WINDOWS\System32\shcore.dll
[0101/220000.683:ERROR:process_memory_win.cc(73)] ReadMemory at 0x7ffbaa3e0000 of 64 bytes failed: Only part of a ReadProcessMemory or WriteProcessMemory request was completed. (0x12B)
[0101/220000.683:WARNING:pe_image_reader.cc(340)] could not read dos header from C:\WINDOWS\SYSTEM32\SSPICLI.DLL
[0101/220000.684:ERROR:process_memory_win.cc(73)] ReadMemory at 0x7ffbac120000 of 64 bytes failed: Only part of a ReadProcessMemory or WriteProcessMemory request was completed. (0x12B)
[0101/220000.684:WARNING:pe_image_reader.cc(340)] could not read dos header from C:\WINDOWS\System32\SHELL32.dll
[0101/220000.684:ERROR:process_memory_win.cc(73)] ReadMemory at 0x7ffbaaf00000 of 64 bytes failed: Only part of a ReadProcessMemory or WriteProcessMemory request was completed. (0x12B)
[0101/220000.684:WARNING:pe_image_reader.cc(340)] could not read dos header from C:\WINDOWS\System32\windows.storage.dll
[0101/220000.684:ERROR:process_memory_win.cc(73)] ReadMemory at 0x7ffbaa560000 of 64 bytes failed: Only part of a ReadProcessMemory or WriteProcessMemory request was completed. (0x12B)
[0101/220000.684:WARNING:pe_image_reader.cc(340)] could not read dos header from C:\WINDOWS\System32\powrprof.dll
[0101/220000.684:ERROR:process_memory_win.cc(73)] ReadMemory at 0x7ffbaa4f0000 of 64 bytes failed: Only part of a ReadProcessMemory or WriteProcessMemory request was completed. (0x12B)
[0101/220000.684:WARNING:pe_image_reader.cc(340)] could not read dos header from C:\WINDOWS\System32\UMPDC.dll
[0101/220000.684:ERROR:process_memory_win.cc(73)] ReadMemory at 0x7ffbaccd0000 of 64 bytes failed: Only part of a ReadProcessMemory or WriteProcessMemory request was completed. (0x12B)
[0101/220000.684:WARNING:pe_image_reader.cc(340)] could not read dos header from C:\WINDOWS\System32\shlwapi.dll
[0101/220000.684:ERROR:process_memory_win.cc(73)] ReadMemory at 0x7ffbac8b0000 of 64 bytes failed: Only part of a ReadProcessMemory or WriteProcessMemory request was completed. (0x12B)
[0101/220000.684:WARNING:pe_image_reader.cc(340)] could not read dos header from C:\WINDOWS\System32\GDI32.dll
[0101/220000.684:ERROR:process_memory_win.cc(73)] ReadMemory at 0x7ffbaa5b0000 of 64 bytes failed: Only part of a ReadProcessMemory or WriteProcessMemory request was completed. (0x12B)
[0101/220000.684:WARNING:pe_image_reader.cc(340)] could not read dos header from C:\WINDOWS\System32\win32u.dll
[0101/220000.684:ERROR:process_memory_win.cc(73)] ReadMemory at 0x7ffbaace0000 of 64 bytes failed: Only part of a ReadProcessMemory or WriteProcessMemory request was completed. (0x12B)
[0101/220000.684:WARNING:pe_image_reader.cc(340)] could not read dos header from C:\WINDOWS\System32\gdi32full.dll
[0101/220000.684:ERROR:process_memory_win.cc(73)] ReadMemory at 0x7ffbab700000 of 64 bytes failed: Only part of a ReadProcessMemory or WriteProcessMemory request was completed. (0x12B)
[0101/220000.684:WARNING:pe_image_reader.cc(340)] could not read dos header from C:\WINDOWS\System32\USER32.dll
[0101/220000.684:ERROR:process_memory_win.cc(73)] ReadMemory at 0x7ffbaa890000 of 64 bytes failed: Only part of a ReadProcessMemory or WriteProcessMemory request was completed. (0x12B)
[0101/220000.684:WARNING:pe_image_reader.cc(340)] could not read dos header from C:\WINDOWS\System32\cryptsp.dll
[0101/220000.685:ERROR:process_memory_win.cc(73)] ReadMemory at 0x7ffbac090000 of 64 bytes failed: Only part of a ReadProcessMemory or WriteProcessMemory request was completed. (0x12B)
[0101/220000.685:WARNING:pe_image_reader.cc(340)] could not read dos header from C:\WINDOWS\System32\IMM32.DLL
[0101/220000.685:ERROR:process_memory_win.cc(73)] ReadMemory at 0x7ffba9ed0000 of 64 bytes failed: Only part of a ReadProcessMemory or WriteProcessMemory request was completed. (0x12B)
[0101/220000.685:WARNING:pe_image_reader.cc(340)] could not read dos header from C:\WINDOWS\SYSTEM32\CRYPTBASE.DLL
[0101/220000.711:ERROR:process_memory_win.cc(73)] ReadMemory at 0x9915feb000 of 86016 bytes failed: Only part of a ReadProcessMemory or WriteProcessMemory request was completed. (0x12B)
[0101/220000.712:ERROR:process_memory_win.cc(73)] ReadMemory at 0x99167fd000 of 12288 bytes failed: Only part of a ReadProcessMemory or WriteProcessMemory request was completed. (0x12B)
[0101/220000.712:ERROR:process_memory_win.cc(73)] ReadMemory at 0x9916ff4000 of 49152 bytes failed: Only part of a ReadProcessMemory or WriteProcessMemory request was completed. (0x12B)
[0101/220000.712:ERROR:process_memory_win.cc(73)] ReadMemory at 0x99177fc000 of 16384 bytes failed: Only part of a ReadProcessMemory or WriteProcessMemory request was completed. (0x12B)
[0101/220000.713:ERROR:process_memory_win.cc(73)] ReadMemory at 0x9917ffb000 of 20480 bytes failed: Only part of a ReadProcessMemory or WriteProcessMemory request was completed. (0x12B)
[0101/220000.713:ERROR:process_memory_win.cc(73)] ReadMemory at 0x99187ff000 of 4096 bytes failed: Only part of a ReadProcessMemory or WriteProcessMemory request was completed. (0x12B)
[0101/220000.713:ERROR:process_memory_win.cc(73)] ReadMemory at 0x9918ffd000 of 12288 bytes failed: Only part of a ReadProcessMemory or WriteProcessMemory request was completed. (0x12B)
[0101/220000.713:ERROR:process_memory_win.cc(73)] ReadMemory at 0x99197fb000 of 20480 bytes failed: Only part of a ReadProcessMemory or WriteProcessMemory request was completed. (0x12B)
[0101/220000.713:ERROR:process_memory_win.cc(73)] ReadMemory at 0x9919ffb000 of 20480 bytes failed: Only part of a ReadProcessMemory or WriteProcessMemory request was completed. (0x12B)
[0101/220000.713:ERROR:process_memory_win.cc(73)] ReadMemory at 0x991aff9000 of 28672 bytes failed: Only part of a ReadProcessMemory or WriteProcessMemory request was completed. (0x12B)
[0101/220000.714:ERROR:process_memory_win.cc(73)] ReadMemory at 0x991b7f5000 of 45056 bytes failed: Only part of a ReadProcessMemory or WriteProcessMemory request was completed. (0x12B)
[0101/220000.714:ERROR:process_memory_win.cc(73)] ReadMemory at 0x991bff6000 of 40960 bytes failed: Only part of a ReadProcessMemory or WriteProcessMemory request was completed. (0x12B)
[0101/220000.714:ERROR:process_memory_win.cc(73)] ReadMemory at 0x991c7f7000 of 36864 bytes failed: Only part of a ReadProcessMemory or WriteProcessMemory request was completed. (0x12B)
[0101/220000.714:ERROR:process_memory_win.cc(73)] ReadMemory at 0x991cffd000 of 12288 bytes failed: Only part of a ReadProcessMemory or WriteProcessMemory request was completed. (0x12B)
[0101/220000.715:ERROR:process_memory_win.cc(73)] ReadMemory at 0x991e7fa000 of 24576 bytes failed: Only part of a ReadProcessMemory or WriteProcessMemory request was completed. (0x12B)
[0101/220000.715:ERROR:process_memory_win.cc(73)] ReadMemory at 0x991eff7000 of 36864 bytes failed: Only part of a ReadProcessMemory or WriteProcessMemory request was completed. (0x12B)
[0101/220000.715:ERROR:process_memory_win.cc(73)] ReadMemory at 0x991f7fc000 of 16384 bytes failed: Only part of a ReadProcessMemory or WriteProcessMemory request was completed. (0x12B)
[0101/220000.715:ERROR:process_memory_win.cc(73)] ReadMemory at 0x991fffc000 of 16384 bytes failed: Only part of a ReadProcessMemory or WriteProcessMemory request was completed. (0x12B)
[0101/220000.715:ERROR:process_memory_win.cc(73)] ReadMemory at 0x99207fb000 of 20480 bytes failed: Only part of a ReadProcessMemory or WriteProcessMemory request was completed. (0x12B)
[0101/220000.715:ERROR:process_memory_win.cc(73)] ReadMemory at 0x9920ff4000 of 49152 bytes failed: Only part of a ReadProcessMemory or WriteProcessMemory request was completed. (0x12B)
[0101/220000.716:ERROR:process_memory_win.cc(73)] ReadMemory at 0x991a7fd000 of 12288 bytes failed: Only part of a ReadProcessMemory or WriteProcessMemory request was completed. (0x12B)
[0101/220000.716:ERROR:process_memory_win.cc(73)] ReadMemory at 0x9915633000 of 852 bytes failed: Only part of a ReadProcessMemory or WriteProcessMemory request was completed. (0x12B)
[0101/220000.716:ERROR:process_memory_win.cc(73)] ReadMemory at 0x9915634000 of 6024 bytes failed: Only part of a ReadProcessMemory or WriteProcessMemory request was completed. (0x12B)
[0101/220000.716:ERROR:process_memory_win.cc(73)] ReadMemory at 0x9915636000 of 6024 bytes failed: Only part of a ReadProcessMemory or WriteProcessMemory request was completed. (0x12B)
[0101/220000.716:ERROR:process_memory_win.cc(73)] ReadMemory at 0x9915638000 of 6024 bytes failed: Only part of a ReadProcessMemory or WriteProcessMemory request was completed. (0x12B)
[0101/220000.716:ERROR:process_memory_win.cc(73)] ReadMemory at 0x991563a000 of 6024 bytes failed: Only part of a ReadProcessMemory or WriteProcessMemory request was completed. (0x12B)
[0101/220000.717:ERROR:process_memory_win.cc(73)] ReadMemory at 0x991563c000 of 6024 bytes failed: Only part of a ReadProcessMemory or WriteProcessMemory request was completed. (0x12B)
[0101/220000.717:ERROR:process_memory_win.cc(73)] ReadMemory at 0x991563e000 of 6024 bytes failed: Only part of a ReadProcessMemory or WriteProcessMemory request was completed. (0x12B)
[0101/220000.717:ERROR:process_memory_win.cc(73)] ReadMemory at 0x9915640000 of 6024 bytes failed: Only part of a ReadProcessMemory or WriteProcessMemory request was completed. (0x12B)
[0101/220000.717:ERROR:process_memory_win.cc(73)] ReadMemory at 0x9915642000 of 6024 bytes failed: Only part of a ReadProcessMemory or WriteProcessMemory request was completed. (0x12B)
[0101/220000.717:ERROR:process_memory_win.cc(73)] ReadMemory at 0x9915644000 of 6024 bytes failed: Only part of a ReadProcessMemory or WriteProcessMemory request was completed. (0x12B)
[0101/220000.717:ERROR:process_memory_win.cc(73)] ReadMemory at 0x9915646000 of 6024 bytes failed: Only part of a ReadProcessMemory or WriteProcessMemory request was completed. (0x12B)
[0101/220000.717:ERROR:process_memory_win.cc(73)] ReadMemory at 0x9915648000 of 6024 bytes failed: Only part of a ReadProcessMemory or WriteProcessMemory request was completed. (0x12B)
[0101/220000.718:ERROR:process_memory_win.cc(73)] ReadMemory at 0x991564a000 of 6024 bytes failed: Only part of a ReadProcessMemory or WriteProcessMemory request was completed. (0x12B)
[0101/220000.718:ERROR:process_memory_win.cc(73)] ReadMemory at 0x991564c000 of 6024 bytes failed: Only part of a ReadProcessMemory or WriteProcessMemory request was completed. (0x12B)
[0101/220000.718:ERROR:process_memory_win.cc(73)] ReadMemory at 0x991564e000 of 6024 bytes failed: Only part of a ReadProcessMemory or WriteProcessMemory request was completed. (0x12B)
[0101/220000.718:ERROR:process_memory_win.cc(73)] ReadMemory at 0x9915656000 of 6024 bytes failed: Only part of a ReadProcessMemory or WriteProcessMemory request was completed. (0x12B)
[0101/220000.718:ERROR:process_memory_win.cc(73)] ReadMemory at 0x9915658000 of 6024 bytes failed: Only part of a ReadProcessMemory or WriteProcessMemory request was completed. (0x12B)
[0101/220000.718:ERROR:process_memory_win.cc(73)] ReadMemory at 0x991565a000 of 6024 bytes failed: Only part of a ReadProcessMemory or WriteProcessMemory request was completed. (0x12B)
[0101/220000.718:ERROR:process_memory_win.cc(73)] ReadMemory at 0x991565c000 of 6024 bytes failed: Only part of a ReadProcessMemory or WriteProcessMemory request was completed. (0x12B)
[0101/220000.718:ERROR:process_memory_win.cc(73)] ReadMemory at 0x991565e000 of 6024 bytes failed: Only part of a ReadProcessMemory or WriteProcessMemory request was completed. (0x12B)
[0101/220000.719:ERROR:process_memory_win.cc(73)] ReadMemory at 0x9915664000 of 6024 bytes failed: Only part of a ReadProcessMemory or WriteProcessMemory request was completed. (0x12B)
[0101/220000.719:ERROR:process_memory_win.cc(73)] ReadMemory at 0x9915674000 of 6024 bytes failed: Only part of a ReadProcessMemory or WriteProcessMemory request was completed. (0x12B)
[0101/220000.719:ERROR:process_memory_win.cc(73)] ReadMemory at 0x1a790700fe0 of 13450 bytes failed: Only part of a ReadProcessMemory or WriteProcessMemory request was completed. (0x12B)
[0101/220000.719:ERROR:process_memory_win.cc(73)] ReadMemory at 0x1a790704480 of 1012 bytes failed: Only part of a ReadProcessMemory or WriteProcessMemory request was completed. (0x12B)
[0101/220000.719:ERROR:process_memory_win.cc(73)] ReadMemory at 0x1a790704ac8 of 118 bytes failed: Only part of a ReadProcessMemory or WriteProcessMemory request was completed. (0x12B)
[0101/220000.719:ERROR:process_memory_win.cc(73)] ReadMemory at 0x1a790704b40 of 1412 bytes failed: Only part of a ReadProcessMemory or WriteProcessMemory request was completed. (0x12B)
[0101/220000.719:ERROR:process_memory_win.cc(73)] ReadMemory at 0x1a7907050c6 of 118 bytes failed: Only part of a ReadProcessMemory or WriteProcessMemory request was completed. (0x12B)
[0101/220000.719:ERROR:process_memory_win.cc(73)] ReadMemory at 0x1a79070513e of 94 bytes failed: Only part of a ReadProcessMemory or WriteProcessMemory request was completed. (0x12B)
[0101/220000.720:ERROR:process_memory_win.cc(73)] ReadMemory at 0x1a7907051b0 of 58 bytes failed: Only part of a ReadProcessMemory or WriteProcessMemory request was completed. (0x12B)
[0101/220000.720:ERROR:process_memory_win.cc(73)] ReadMemory at 0x1a7907052b0 of 132 bytes failed: Only part of a ReadProcessMemory or WriteProcessMemory request was completed. (0x12B)
[0101/220000.720:ERROR:process_memory_win.cc(73)] ReadMemory at 0x1a790705440 of 132 bytes failed: Only part of a ReadProcessMemory or WriteProcessMemory request was completed. (0x12B)
[0101/220000.720:ERROR:process_memory_win.cc(73)] ReadMemory at 0x1a790705600 of 124 bytes failed: Only part of a ReadProcessMemory or WriteProcessMemory request was completed. (0x12B)
[0101/220000.720:ERROR:process_memory_win.cc(73)] ReadMemory at 0x1a7907059e0 of 132 bytes failed: Only part of a ReadProcessMemory or WriteProcessMemory request was completed. (0x12B)
[0101/220000.720:ERROR:process_memory_win.cc(73)] ReadMemory at 0x1a790705b70 of 64 bytes failed: Only part of a ReadProcessMemory or WriteProcessMemory request was completed. (0x12B)
[0101/220000.720:ERROR:process_memory_win.cc(73)] ReadMemory at 0x1a790705bc0 of 132 bytes failed: Only part of a ReadProcessMemory or WriteProcessMemory request was completed. (0x12B)
[0101/220000.720:ERROR:process_memory_win.cc(73)] ReadMemory at 0x1a790705d30 of 132 bytes failed: Only part of a ReadProcessMemory or WriteProcessMemory request was completed. (0x12B)
[0101/220000.720:ERROR:process_memory_win.cc(73)] ReadMemory at 0x1a790705fd0 of 132 bytes failed: Only part of a ReadProcessMemory or WriteProcessMemory request was completed. (0x12B)
[0101/220000.720:ERROR:process_memory_win.cc(73)] ReadMemory at 0x1a790706160 of 68 bytes failed: Only part of a ReadProcessMemory or WriteProcessMemory request was completed. (0x12B)
[0101/220000.721:ERROR:process_memory_win.cc(73)] ReadMemory at 0x1a790707370 of 132 bytes failed: Only part of a ReadProcessMemory or WriteProcessMemory request was completed. (0x12B)
[0101/220000.721:ERROR:process_memory_win.cc(73)] ReadMemory at 0x1a790707500 of 152 bytes failed: Only part of a ReadProcessMemory or WriteProcessMemory request was completed. (0x12B)
[0101/220000.721:ERROR:process_memory_win.cc(73)] ReadMemory at 0x1a790709220 of 132 bytes failed: Only part of a ReadProcessMemory or WriteProcessMemory request was completed. (0x12B)
[0101/220000.721:ERROR:process_memory_win.cc(73)] ReadMemory at 0x1a7907093b0 of 80 bytes failed: Only part of a ReadProcessMemory or WriteProcessMemory request was completed. (0x12B)
[0101/220000.721:ERROR:process_memory_win.cc(73)] ReadMemory at 0x1a79070a9a0 of 62 bytes failed: Only part of a ReadProcessMemory or WriteProcessMemory request was completed. (0x12B)
[0101/220000.721:ERROR:process_memory_win.cc(73)] ReadMemory at 0x1a79070a9f0 of 156 bytes failed: Only part of a ReadProcessMemory or WriteProcessMemory request was completed. (0x12B)
[0101/220000.721:ERROR:process_memory_win.cc(73)] ReadMemory at 0x1a79070aad0 of 132 bytes failed: Only part of a ReadProcessMemory or WriteProcessMemory request was completed. (0x12B)
[0101/220000.721:ERROR:process_memory_win.cc(73)] ReadMemory at 0x1a79070ac60 of 60 bytes failed: Only part of a ReadProcessMemory or WriteProcessMemory request was completed. (0x12B)
[0101/220000.721:ERROR:process_memory_win.cc(73)] ReadMemory at 0x1a79070d460 of 132 bytes failed: Only part of a ReadProcessMemory or WriteProcessMemory request was completed. (0x12B)
[0101/220000.721:ERROR:process_memory_win.cc(73)] ReadMemory at 0x1a79070d590 of 132 bytes failed: Only part of a ReadProcessMemory or WriteProcessMemory request was completed. (0x12B)
[0101/220000.721:ERROR:process_memory_win.cc(73)] ReadMemory at 0x1a79070d6c0 of 132 bytes failed: Only part of a ReadProcessMemory or WriteProcessMemory request was completed. (0x12B)
[0101/220000.721:ERROR:process_memory_win.cc(73)] ReadMemory at 0x1a79070de50 of 66 bytes failed: Only part of a ReadProcessMemory or WriteProcessMemory request was completed. (0x12B)
[0101/220000.721:ERROR:process_memory_win.cc(73)] ReadMemory at 0x1a79070dea0 of 62 bytes failed: Only part of a ReadProcessMemory or WriteProcessMemory request was completed. (0x12B)
[0101/220000.722:ERROR:process_memory_win.cc(73)] ReadMemory at 0x1a79070def0 of 60 bytes failed: Only part of a ReadProcessMemory or WriteProcessMemory request was completed. (0x12B)
[0101/220000.722:ERROR:process_memory_win.cc(73)] ReadMemory at 0x1a79070df90 of 64 bytes failed: Only part of a ReadProcessMemory or WriteProcessMemory request was completed. (0x12B)
[0101/220000.722:ERROR:process_memory_win.cc(73)] ReadMemory at 0x1a79070e030 of 64 bytes failed: Only part of a ReadProcessMemory or WriteProcessMemory request was completed. (0x12B)
[0101/220000.722:ERROR:process_memory_win.cc(73)] ReadMemory at 0x1a79070e170 of 64 bytes failed: Only part of a ReadProcessMemory or WriteProcessMemory request was completed. (0x12B)
[0101/220000.722:ERROR:process_memory_win.cc(73)] ReadMemory at 0x1a79070e1c0 of 62 bytes failed: Only part of a ReadProcessMemory or WriteProcessMemory request was completed. (0x12B)
[0101/220000.722:ERROR:process_memory_win.cc(73)] ReadMemory at 0x1a79070e260 of 60 bytes failed: Only part of a ReadProcessMemory or WriteProcessMemory request was completed. (0x12B)
[0101/220000.722:ERROR:process_memory_win.cc(73)] ReadMemory at 0x1a79070e300 of 64 bytes failed: Only part of a ReadProcessMemory or WriteProcessMemory request was completed. (0x12B)
[0101/220000.722:ERROR:process_memory_win.cc(73)] ReadMemory at 0x1a79070e4d0 of 132 bytes failed: Only part of a ReadProcessMemory or WriteProcessMemory request was completed. (0x12B)
[0101/220000.722:ERROR:process_memory_win.cc(73)] ReadMemory at 0x1a79070e600 of 132 bytes failed: Only part of a ReadProcessMemory or WriteProcessMemory request was completed. (0x12B)
[0101/220000.722:ERROR:process_memory_win.cc(73)] ReadMemory at 0x1a79070e730 of 132 bytes failed: Only part of a ReadProcessMemory or WriteProcessMemory request was completed. (0x12B)
[0101/220000.723:ERROR:process_memory_win.cc(73)] ReadMemory at 0x1a79070e860 of 132 bytes failed: Only part of a ReadProcessMemory or WriteProcessMemory request was completed. (0x12B)
[0101/220000.723:ERROR:process_memory_win.cc(73)] ReadMemory at 0x1a79070e990 of 132 bytes failed: Only part of a ReadProcessMemory or WriteProcessMemory request was completed. (0x12B)
[0101/220000.723:ERROR:process_memory_win.cc(73)] ReadMemory at 0x1a79070eac0 of 132 bytes failed: Only part of a ReadProcessMemory or WriteProcessMemory request was completed. (0x12B)
[0101/220000.723:ERROR:process_memory_win.cc(73)] ReadMemory at 0x1a79070ebf0 of 132 bytes failed: Only part of a ReadProcessMemory or WriteProcessMemory request was completed. (0x12B)
[0101/220000.723:ERROR:process_memory_win.cc(73)] ReadMemory at 0x1a79070ed20 of 132 bytes failed: Only part of a ReadProcessMemory or WriteProcessMemory request was completed. (0x12B)
[0101/220000.723:ERROR:process_memory_win.cc(73)] ReadMemory at 0x1a79070ee50 of 132 bytes failed: Only part of a ReadProcessMemory or WriteProcessMemory request was completed. (0x12B)
[0101/220000.723:ERROR:process_memory_win.cc(73)] ReadMemory at 0x1a79070ef80 of 132 bytes failed: Only part of a ReadProcessMemory or WriteProcessMemory request was completed. (0x12B)
[0101/220000.723:ERROR:process_memory_win.cc(73)] ReadMemory at 0x1a79070f1e0 of 132 bytes failed: Only part of a ReadProcessMemory or WriteProcessMemory request was completed. (0x12B)
[0101/220000.723:ERROR:process_memory_win.cc(73)] ReadMemory at 0x1a79070f310 of 132 bytes failed: Only part of a ReadProcessMemory or WriteProcessMemory request was completed. (0x12B)
[0101/220000.723:ERROR:process_memory_win.cc(73)] ReadMemory at 0x1a79070f780 of 78 bytes failed: Only part of a ReadProcessMemory or WriteProcessMemory request was completed. (0x12B)
[0101/220000.723:ERROR:process_memory_win.cc(73)] ReadMemory at 0x1a790710260 of 76 bytes failed: Only part of a ReadProcessMemory or WriteProcessMemory request was completed. (0x12B)
[0101/220000.723:ERROR:process_memory_win.cc(73)] ReadMemory at 0x1a790711df0 of 54 bytes failed: Only part of a ReadProcessMemory or WriteProcessMemory request was completed. (0x12B)
[0101/220000.724:ERROR:process_memory_win.cc(73)] ReadMemory at 0x1a7907131e0 of 132 bytes failed: Only part of a ReadProcessMemory or WriteProcessMemory request was completed. (0x12B)
[0101/220000.724:ERROR:process_memory_win.cc(73)] ReadMemory at 0x1a790714a70 of 132 bytes failed: Only part of a ReadProcessMemory or WriteProcessMemory request was completed. (0x12B)
[0101/220000.724:ERROR:process_memory_win.cc(73)] ReadMemory at 0x1a790714c80 of 132 bytes failed: Only part of a ReadProcessMemory or WriteProcessMemory request was completed. (0x12B)
[0101/220000.724:ERROR:process_memory_win.cc(73)] ReadMemory at 0x1a790714f60 of 132 bytes failed: Only part of a ReadProcessMemory or WriteProcessMemory request was completed. (0x12B)
[0101/220000.724:ERROR:process_memory_win.cc(73)] ReadMemory at 0x1a790715310 of 132 bytes failed: Only part of a ReadProcessMemory or WriteProcessMemory request was completed. (0x12B)
[0101/220000.724:ERROR:process_memory_win.cc(73)] ReadMemory at 0x1a79071a190 of 62 bytes failed: Only part of a ReadProcessMemory or WriteProcessMemory request was completed. (0x12B)
[0101/220000.724:ERROR:process_memory_win.cc(73)] ReadMemory at 0x1a79071a1e0 of 64 bytes failed: Only part of a ReadProcessMemory or WriteProcessMemory request was completed. (0x12B)
[0101/220000.724:ERROR:process_memory_win.cc(73)] ReadMemory at 0x1a79071a230 of 62 bytes failed: Only part of a ReadProcessMemory or WriteProcessMemory request was completed. (0x12B)
[0101/220000.724:ERROR:process_memory_win.cc(73)] ReadMemory at 0x1a79071a5f0 of 62 bytes failed: Only part of a ReadProcessMemory or WriteProcessMemory request was completed. (0x12B)
[0101/220000.724:ERROR:process_memory_win.cc(73)] ReadMemory at 0x1a79071a640 of 60 bytes failed: Only part of a ReadProcessMemory or WriteProcessMemory request was completed. (0x12B)
[0101/220000.724:ERROR:process_memory_win.cc(73)] ReadMemory at 0x1a79071a870 of 60 bytes failed: Only part of a ReadProcessMemory or WriteProcessMemory request was completed. (0x12B)
[0101/220000.724:ERROR:process_memory_win.cc(73)] ReadMemory at 0x1a79071a8c0 of 64 bytes failed: Only part of a ReadProcessMemory or WriteProcessMemory request was completed. (0x12B)
[0101/220000.725:ERROR:process_memory_win.cc(73)] ReadMemory at 0x1a79071a910 of 58 bytes failed: Only part of a ReadProcessMemory or WriteProcessMemory request was completed. (0x12B)
[0101/220000.725:ERROR:process_memory_win.cc(73)] ReadMemory at 0x1a79071a960 of 64 bytes failed: Only part of a ReadProcessMemory or WriteProcessMemory request was completed. (0x12B)
[0101/220000.725:ERROR:process_memory_win.cc(73)] ReadMemory at 0x1a79071ab40 of 64 bytes failed: Only part of a ReadProcessMemory or WriteProcessMemory request was completed. (0x12B)
[0101/220000.725:ERROR:process_memory_win.cc(73)] ReadMemory at 0x1a79071abe0 of 62 bytes failed: Only part of a ReadProcessMemory or WriteProcessMemory request was completed. (0x12B)
[0101/220000.725:ERROR:process_memory_win.cc(73)] ReadMemory at 0x1a79071acd0 of 60 bytes failed: Only part of a ReadProcessMemory or WriteProcessMemory request was completed. (0x12B)
[0101/220000.725:ERROR:process_memory_win.cc(73)] ReadMemory at 0x1a79071ad70 of 66 bytes failed: Only part of a ReadProcessMemory or WriteProcessMemory request was completed. (0x12B)
[0101/220000.725:ERROR:process_memory_win.cc(73)] ReadMemory at 0x1a79071adc0 of 62 bytes failed: Only part of a ReadProcessMemory or WriteProcessMemory request was completed. (0x12B)
[0101/220000.725:ERROR:process_memory_win.cc(73)] ReadMemory at 0x1a79071ae10 of 62 bytes failed: Only part of a ReadProcessMemory or WriteProcessMemory request was completed. (0x12B)
[0101/220000.725:ERROR:process_memory_win.cc(73)] ReadMemory at 0x1a79071ae60 of 60 bytes failed: Only part of a ReadProcessMemory or WriteProcessMemory request was completed. (0x12B)
[0101/220000.725:ERROR:process_memory_win.cc(73)] ReadMemory at 0x1a79071aeb0 of 62 bytes failed: Only part of a ReadProcessMemory or WriteProcessMemory request was completed. (0x12B)
[0101/220000.725:ERROR:process_memory_win.cc(73)] ReadMemory at 0x1a79071afa0 of 62 bytes failed: Only part of a ReadProcessMemory or WriteProcessMemory request was completed. (0x12B)
[0101/220000.725:ERROR:process_memory_win.cc(73)] ReadMemory at 0x1a79071d650 of 132 bytes failed: Only part of a ReadProcessMemory or WriteProcessMemory request was completed. (0x12B)
[0101/220000.725:ERROR:process_memory_win.cc(73)] ReadMemory at 0x1a79071d780 of 132 bytes failed: Only part of a ReadProcessMemory or WriteProcessMemory request was completed. (0x12B)
[0101/220000.725:ERROR:process_memory_win.cc(73)] ReadMemory at 0x1a79071db10 of 132 bytes failed: Only part of a ReadProcessMemory or WriteProcessMemory request was completed. (0x12B)
[0101/220000.726:ERROR:process_memory_win.cc(73)] ReadMemory at 0x1a79071dc40 of 132 bytes failed: Only part of a ReadProcessMemory or WriteProcessMemory request was completed. (0x12B)
[0101/220000.726:ERROR:process_memory_win.cc(73)] ReadMemory at 0x1a79071dfd0 of 132 bytes failed: Only part of a ReadProcessMemory or WriteProcessMemory request was completed. (0x12B)
[0101/220000.726:ERROR:process_memory_win.cc(73)] ReadMemory at 0x1a79071e230 of 132 bytes failed: Only part of a ReadProcessMemory or WriteProcessMemory request was completed. (0x12B)
[0101/220000.726:ERROR:process_memory_win.cc(73)] ReadMemory at 0x1a79071e360 of 132 bytes failed: Only part of a ReadProcessMemory or WriteProcessMemory request was completed. (0x12B)
[0101/220000.726:ERROR:process_memory_win.cc(73)] ReadMemory at 0x1a79071e490 of 132 bytes failed: Only part of a ReadProcessMemory or WriteProcessMemory request was completed. (0x12B)
[0101/220000.726:ERROR:process_memory_win.cc(73)] ReadMemory at 0x1a79071e5c0 of 132 bytes failed: Only part of a ReadProcessMemory or WriteProcessMemory request was completed. (0x12B)
[0101/220000.726:ERROR:process_memory_win.cc(73)] ReadMemory at 0x1a79071e6f0 of 132 bytes failed: Only part of a ReadProcessMemory or WriteProcessMemory request was completed. (0x12B)
[0101/220000.726:ERROR:process_memory_win.cc(73)] ReadMemory at 0x1a79071e820 of 132 bytes failed: Only part of a ReadProcessMemory or WriteProcessMemory request was completed. (0x12B)
[0101/220000.726:ERROR:process_memory_win.cc(73)] ReadMemory at 0x1a79071e950 of 132 bytes failed: Only part of a ReadProcessMemory or WriteProcessMemory request was completed. (0x12B)
[0101/220000.726:ERROR:process_memory_win.cc(73)] ReadMemory at 0x1a79071ea80 of 132 bytes failed: Only part of a ReadProcessMemory or WriteProcessMemory request was completed. (0x12B)
[0101/220000.727:ERROR:process_memory_win.cc(73)] ReadMemory at 0x1a79071ebb0 of 132 bytes failed: Only part of a ReadProcessMemory or WriteProcessMemory request was completed. (0x12B)
[0101/220000.727:ERROR:process_memory_win.cc(73)] ReadMemory at 0x1a79071ece0 of 132 bytes failed: Only part of a ReadProcessMemory or WriteProcessMemory request was completed. (0x12B)
[0101/220000.727:ERROR:process_memory_win.cc(73)] ReadMemory at 0x1a79071ef40 of 132 bytes failed: Only part of a ReadProcessMemory or WriteProcessMemory request was completed. (0x12B)
[0101/220000.727:ERROR:process_memory_win.cc(73)] ReadMemory at 0x1a79071f070 of 132 bytes failed: Only part of a ReadProcessMemory or WriteProcessMemory request was completed. (0x12B)
[0101/220000.727:ERROR:process_memory_win.cc(73)] ReadMemory at 0x1a79071f1a0 of 132 bytes failed: Only part of a ReadProcessMemory or WriteProcessMemory request was completed. (0x12B)
[0101/220000.727:ERROR:process_memory_win.cc(73)] ReadMemory at 0x1a79071f2d0 of 132 bytes failed: Only part of a ReadProcessMemory or WriteProcessMemory request was completed. (0x12B)
[0101/220000.727:ERROR:process_memory_win.cc(73)] ReadMemory at 0x1a79071f400 of 132 bytes failed: Only part of a ReadProcessMemory or WriteProcessMemory request was completed. (0x12B)
[0101/220000.727:ERROR:process_memory_win.cc(73)] ReadMemory at 0x1a7907304e0 of 58 bytes failed: Only part of a ReadProcessMemory or WriteProcessMemory request was completed. (0x12B)
[0101/220000.727:ERROR:process_memory_win.cc(73)] ReadMemory at 0x1a790730760 of 58 bytes failed: Only part of a ReadProcessMemory or WriteProcessMemory request was completed. (0x12B)
[0101/220000.727:ERROR:process_memory_win.cc(73)] ReadMemory at 0x1a790730940 of 66 bytes failed: Only part of a ReadProcessMemory or WriteProcessMemory request was completed. (0x12B)
[0101/220000.727:ERROR:process_memory_win.cc(73)] ReadMemory at 0x1a790730990 of 60 bytes failed: Only part of a ReadProcessMemory or WriteProcessMemory request was completed. (0x12B)
[0101/220000.727:ERROR:process_memory_win.cc(73)] ReadMemory at 0x1a790730bc0 of 62 bytes failed: Only part of a ReadProcessMemory or WriteProcessMemory request was completed. (0x12B)
[0101/220000.727:ERROR:process_memory_win.cc(73)] ReadMemory at 0x1a790730f30 of 58 bytes failed: Only part of a ReadProcessMemory or WriteProcessMemory request was completed. (0x12B)
[0101/220000.728:ERROR:process_memory_win.cc(73)] ReadMemory at 0x1a790731070 of 62 bytes failed: Only part of a ReadProcessMemory or WriteProcessMemory request was completed. (0x12B)
[0101/220000.728:ERROR:process_memory_win.cc(73)] ReadMemory at 0x1a7907310c0 of 62 bytes failed: Only part of a ReadProcessMemory or WriteProcessMemory request was completed. (0x12B)
[0101/220000.728:ERROR:process_memory_win.cc(73)] ReadMemory at 0x1a7907311b0 of 64 bytes failed: Only part of a ReadProcessMemory or WriteProcessMemory request was completed. (0x12B)
[0101/220000.728:ERROR:process_memory_win.cc(73)] ReadMemory at 0x1a7907312a0 of 60 bytes failed: Only part of a ReadProcessMemory or WriteProcessMemory request was completed. (0x12B)
[0101/220000.728:ERROR:process_memory_win.cc(73)] ReadMemory at 0x1a790739350 of 512 bytes failed: Only part of a ReadProcessMemory or WriteProcessMemory request was completed. (0x12B)
[0101/220000.728:ERROR:process_memory_win.cc(73)] ReadMemory at 0x1a7907398c0 of 512 bytes failed: Only part of a ReadProcessMemory or WriteProcessMemory request was completed. (0x12B)
[0101/220000.728:ERROR:process_memory_win.cc(73)] ReadMemory at 0x1a790b70000 of 384 bytes failed: Only part of a ReadProcessMemory or WriteProcessMemory request was completed. (0x12B)
[0101/220000.728:ERROR:process_memory_win.cc(73)] ReadMemory at 0x1a790b70d00 of 512 bytes failed: Only part of a ReadProcessMemory or WriteProcessMemory request was completed. (0x12B)
[0101/220000.728:ERROR:process_memory_win.cc(73)] ReadMemory at 0x1a790b71240 of 512 bytes failed: Only part of a ReadProcessMemory or WriteProcessMemory request was completed. (0x12B)
[0101/220000.728:ERROR:process_memory_win.cc(73)] ReadMemory at 0x1a790c30000 of 384 bytes failed: Only part of a ReadProcessMemory or WriteProcessMemory request was completed. (0x12B)
[0101/220000.729:ERROR:process_memory_win.cc(73)] ReadMemory at 0x1a790c302a4 of 512 bytes failed: Only part of a ReadProcessMemory or WriteProcessMemory request was completed. (0x12B)
[0101/220000.729:ERROR:process_memory_win.cc(73)] ReadMemory at 0x1a790c51820 of 512 bytes failed: Only part of a ReadProcessMemory or WriteProcessMemory request was completed. (0x12B)
[0101/220000.729:ERROR:process_memory_win.cc(73)] ReadMemory at 0x1a790c51e80 of 512 bytes failed: Only part of a ReadProcessMemory or WriteProcessMemory request was completed. (0x12B)
[0101/220000.729:ERROR:process_memory_win.cc(73)] ReadMemory at 0x1a790c52600 of 512 bytes failed: Only part of a ReadProcessMemory or WriteProcessMemory request was completed. (0x12B)
[0101/220000.729:ERROR:process_memory_win.cc(73)] ReadMemory at 0x1a790c74a20 of 512 bytes failed: Only part of a ReadProcessMemory or WriteProcessMemory request was completed. (0x12B)
[0101/220000.729:ERROR:process_memory_win.cc(73)] ReadMemory at 0x1a790c77403 of 512 bytes failed: Only part of a ReadProcessMemory or WriteProcessMemory request was completed. (0x12B)
[0101/220000.729:ERROR:process_memory_win.cc(73)] ReadMemory at 0x1a790c88e10 of 712 bytes failed: Only part of a ReadProcessMemory or WriteProcessMemory request was completed. (0x12B)
[0101/220000.729:ERROR:process_memory_win.cc(73)] ReadMemory at 0x1a790c97370 of 512 bytes failed: Only part of a ReadProcessMemory or WriteProcessMemory request was completed. (0x12B)
[0101/220000.729:ERROR:process_memory_win.cc(73)] ReadMemory at 0x1a790ca2898 of 512 bytes failed: Only part of a ReadProcessMemory or WriteProcessMemory request was completed. (0x12B)
[0101/220000.729:ERROR:process_memory_win.cc(73)] ReadMemory at 0x1a790ca2e38 of 656 bytes failed: Only part of a ReadProcessMemory or WriteProcessMemory request was completed. (0x12B)
[0101/220000.729:ERROR:process_memory_win.cc(73)] ReadMemory at 0x1a790ca3738 of 656 bytes failed: Only part of a ReadProcessMemory or WriteProcessMemory request was completed. (0x12B)
[0101/220000.729:ERROR:process_memory_win.cc(73)] ReadMemory at 0x1a790cd0730 of 512 bytes failed: Only part of a ReadProcessMemory or WriteProcessMemory request was completed. (0x12B)
[0101/220000.730:ERROR:process_memory_win.cc(73)] ReadMemory at 0x1a792cdf710 of 512 bytes failed: Only part of a ReadProcessMemory or WriteProcessMemory request was completed. (0x12B)
[0101/220000.730:ERROR:process_memory_win.cc(73)] ReadMemory at 0x1a7933a9581 of 512 bytes failed: Only part of a ReadProcessMemory or WriteProcessMemory request was completed. (0x12B)
[0101/220000.730:ERROR:process_memory_win.cc(73)] ReadMemory at 0x1a7935136e0 of 512 bytes failed: Only part of a ReadProcessMemory or WriteProcessMemory request was completed. (0x12B)
[0101/220000.730:ERROR:process_memory_win.cc(73)] ReadMemory at 0x1a7936ab5d0 of 512 bytes failed: Only part of a ReadProcessMemory or WriteProcessMemory request was completed. (0x12B)
[0101/220000.730:ERROR:process_memory_win.cc(73)] ReadMemory at 0x1a7936beb88 of 512 bytes failed: Only part of a ReadProcessMemory or WriteProcessMemory request was completed. (0x12B)
[0101/220000.730:ERROR:process_memory_win.cc(73)] ReadMemory at 0x1a7936f4b40 of 512 bytes failed: Only part of a ReadProcessMemory or WriteProcessMemory request was completed. (0x12B)
[0101/220000.730:ERROR:process_memory_win.cc(73)] ReadMemory at 0x1a7937059a0 of 512 bytes failed: Only part of a ReadProcessMemory or WriteProcessMemory request was completed. (0x12B)
[0101/220000.730:ERROR:process_memory_win.cc(73)] ReadMemory at 0x1a79371a7a0 of 512 bytes failed: Only part of a ReadProcessMemory or WriteProcessMemory request was completed. (0x12B)
[0101/220000.730:ERROR:process_memory_win.cc(73)] ReadMemory at 0x1a794c23f60 of 512 bytes failed: Only part of a ReadProcessMemory or WriteProcessMemory request was completed. (0x12B)
[0101/220000.730:ERROR:process_memory_win.cc(73)] ReadMemory at 0x1a795b7ebf0 of 512 bytes failed: Only part of a ReadProcessMemory or WriteProcessMemory request was completed. (0x12B)
[0101/220000.730:ERROR:process_memory_win.cc(73)] ReadMemory at 0x1a795b864a7 of 512 bytes failed: Only part of a ReadProcessMemory or WriteProcessMemory request was completed. (0x12B)
[0101/220000.731:ERROR:process_memory_win.cc(73)] ReadMemory at 0x221b89df4dc8 of 512 bytes failed: Only part of a ReadProcessMemory or WriteProcessMemory request was completed. (0x12B)
[0101/220000.731:ERROR:process_memory_win.cc(73)] ReadMemory at 0x7ffb51e12ce2 of 512 bytes failed: Only part of a ReadProcessMemory or WriteProcessMemory request was completed. (0x12B)
[0101/220000.731:ERROR:process_memory_win.cc(73)] ReadMemory at 0x7ffb5506db1a of 512 bytes failed: Only part of a ReadProcessMemory or WriteProcessMemory request was completed. (0x12B)
[0101/220000.731:ERROR:process_memory_win.cc(73)] ReadMemory at 0x7ffbaa61a7b9 of 512 bytes failed: Only part of a ReadProcessMemory or WriteProcessMemory request was completed. (0x12B)
[0101/220000.731:ERROR:process_memory_win.cc(73)] ReadMemory at 0x7ffbaa84b6d0 of 512 bytes failed: Only part of a ReadProcessMemory or WriteProcessMemory request was completed. (0x12B)
[0101/220000.731:ERROR:process_memory_win.cc(73)] ReadMemory at 0x7ffbad65b997 of 512 bytes failed: Only part of a ReadProcessMemory or WriteProcessMemory request was completed. (0x12B)
[0101/220000.731:ERROR:process_memory_win.cc(73)] ReadMemory at 0x7ffbad6bc0c4 of 672 bytes failed: Only part of a ReadProcessMemory or WriteProcessMemory request was completed. (0x12B)
[0101/220000.731:ERROR:process_memory_win.cc(73)] ReadMemory at 0x7ffbad6bc6c4 of 512 bytes failed: Only part of a ReadProcessMemory or WriteProcessMemory request was completed. (0x12B)
[0101/220000.731:ERROR:process_memory_win.cc(73)] ReadMemory at 0x7ffbad6bf974 of 608 bytes failed: Only part of a ReadProcessMemory or WriteProcessMemory request was completed. (0x12B)
[0101/220000.732:ERROR:process_memory_win.cc(73)] ReadMemory at 0x7ffbad74c428 of 18 bytes failed: Only part of a ReadProcessMemory or WriteProcessMemory request was completed. (0x12B)
[0101/220000.732:ERROR:process_memory_win.cc(73)] ReadMemory at 0x7ffbad77f4f8 of 40 bytes failed: Only part of a ReadProcessMemory or WriteProcessMemory request was completed. (0x12B)
[0101/220000.732:ERROR:process_memory_win.cc(73)] ReadMemory at 0x7ffbad77f978 of 48 bytes failed: Only part of a ReadProcessMemory or WriteProcessMemory request was completed. (0x12B)
[0101/220000.732:ERROR:process_memory_win.cc(73)] ReadMemory at 0x7ffbad7853c0 of 64 bytes failed: Only part of a ReadProcessMemory or WriteProcessMemory request was completed. (0x12B)
[0101/220000.734:ERROR:scoped_process_suspend.cc(40)] NtResumeProcess: An attempt was made to access an exiting process. (0xc000010a)
